03:49:27 DEBUG : Logs will be stored at '/home/go/Desktop/ZyboZ7_10_Renderer/workspace_vitis/IDE.log'.
03:49:29 INFO  : Launching XSCT server: xsct -n  -interactive /home/go/Desktop/ZyboZ7_10_Renderer/workspace_vitis/temp_xsdb_launch_script.tcl
03:49:29 INFO  : Platform repository initialization has completed.
03:49:29 INFO  : Registering command handlers for Vitis TCF services
03:49:31 INFO  : XSCT server has started successfully.
03:49:31 INFO  : plnx-install-location is set to ''
03:49:31 INFO  : Successfully done setting XSCT server connection channel  
03:49:31 INFO  : Successfully done setting workspace for the tool. 
03:49:31 INFO  : Successfully done query RDI_DATADIR 
03:50:26 INFO  : Result from executing command 'getProjects': main_wrapper
03:50:26 INFO  : Result from executing command 'getPlatforms': xilinx_zcu102_base_202420_1|/tools/Xilinx/Vitis/2024.2/base_platforms/xilinx_zcu102_base_202420_1/xilinx_zcu102_base_202420_1.xpfm;xilinx_zcu102_base_dfx_202420_1|/tools/Xilinx/Vitis/2024.2/base_platforms/xilinx_zcu102_base_dfx_202420_1/xilinx_zcu102_base_dfx_202420_1.xpfm;xilinx_zcu104_base_202420_1|/tools/Xilinx/Vitis/2024.2/base_platforms/xilinx_zcu104_base_202420_1/xilinx_zcu104_base_202420_1.xpfm
03:50:26 WARN  : An unexpected exception occurred in the module 'platform project logging'
03:50:26 INFO  : Platform 'main_wrapper' is added to custom repositories.
03:50:33 INFO  : Platform 'main_wrapper' is added to custom repositories.
03:52:29 INFO  : Result from executing command 'getProjects': main_wrapper
03:52:29 INFO  : Result from executing command 'getPlatforms': main_wrapper|/home/go/Desktop/ZyboZ7_10_Renderer/workspace_vitis/main_wrapper/export/main_wrapper/main_wrapper.xpfm;xilinx_zcu102_base_202420_1|/tools/Xilinx/Vitis/2024.2/base_platforms/xilinx_zcu102_base_202420_1/xilinx_zcu102_base_202420_1.xpfm;xilinx_zcu102_base_dfx_202420_1|/tools/Xilinx/Vitis/2024.2/base_platforms/xilinx_zcu102_base_dfx_202420_1/xilinx_zcu102_base_dfx_202420_1.xpfm;xilinx_zcu104_base_202420_1|/tools/Xilinx/Vitis/2024.2/base_platforms/xilinx_zcu104_base_202420_1/xilinx_zcu104_base_202420_1.xpfm
03:52:32 INFO  : Checking for BSP changes to sync application flags for project 'renderer'...
03:52:45 INFO  : Checking for BSP changes to sync application flags for project 'renderer'...
03:54:18 INFO  : Checking for BSP changes to sync application flags for project 'renderer'...
03:55:28 INFO  : Checking for BSP changes to sync application flags for project 'renderer'...
04:00:13 INFO  : Connected to target on host '127.0.0.1' and port '3121'.
04:00:13 INFO  : Jtag cable 'Digilent Zybo Z7 210351A818FFA' is selected.
04:00:13 INFO  : 'jtag frequency' command is executed.
04:00:13 INFO  : Context for 'APU' is selected.
04:00:13 INFO  : System reset is completed.
04:00:16 INFO  : 'after 3000' command is executed.
04:00:16 INFO  : 'targets -set -filter {jtag_cable_name =~ "Digilent Zybo Z7 210351A818FFA" && level==0 && jtag_device_ctx=="jsn-Zybo Z7-210351A818FFA-13722093-0"}' command is executed.
04:00:18 INFO  : Device configured successfully with "/home/go/Desktop/ZyboZ7_10_Renderer/workspace_vitis/renderer/_ide/bitstream/main_wrapper.bit"
04:00:18 INFO  : Context for 'APU' is selected.
04:00:18 INFO  : Hardware design and registers information is loaded from '/home/go/Desktop/ZyboZ7_10_Renderer/workspace_vitis/main_wrapper/export/main_wrapper/hw/main_wrapper.xsa'.
04:00:18 INFO  : 'configparams force-mem-access 1' command is executed.
04:00:18 INFO  : Context for 'APU' is selected.
04:00:18 INFO  : Sourcing of '/home/go/Desktop/ZyboZ7_10_Renderer/workspace_vitis/renderer/_ide/psinit/ps7_init.tcl' is done.
04:00:18 INFO  : 'ps7_init' command is executed.
04:00:18 INFO  : 'ps7_post_config' command is executed.
04:00:18 INFO  : Context for processor 'ps7_cortexa9_0' is selected.
04:00:18 INFO  : The application '/home/go/Desktop/ZyboZ7_10_Renderer/workspace_vitis/renderer/Debug/renderer.elf' is downloaded to processor 'ps7_cortexa9_0'.
04:00:18 INFO  : 'configparams force-mem-access 0' command is executed.
04:00:18 INFO  : ----------------XSDB Script----------------
connect -url tcp:127.0.0.1:3121
targets -set -nocase -filter {name =~"APU*"}
rst -system
after 3000
targets -set -filter {jtag_cable_name =~ "Digilent Zybo Z7 210351A818FFA" && level==0 && jtag_device_ctx=="jsn-Zybo Z7-210351A818FFA-13722093-0"}
fpga -file /home/go/Desktop/ZyboZ7_10_Renderer/workspace_vitis/renderer/_ide/bitstream/main_wrapper.bit
targets -set -nocase -filter {name =~"APU*"}
loadhw -hw /home/go/Desktop/ZyboZ7_10_Renderer/workspace_vitis/main_wrapper/export/main_wrapper/hw/main_wrapper.xsa -mem-ranges [list {0x40000000 0xbfffffff}] -regs
configparams force-mem-access 1
targets -set -nocase -filter {name =~"APU*"}
source /home/go/Desktop/ZyboZ7_10_Renderer/workspace_vitis/renderer/_ide/psinit/ps7_init.tcl
ps7_init
ps7_post_config
targets -set -nocase -filter {name =~ "*A9*#0"}
dow /home/go/Desktop/ZyboZ7_10_Renderer/workspace_vitis/renderer/Debug/renderer.elf
configparams force-mem-access 0
----------------End of Script----------------

04:00:18 INFO  : Context for processor 'ps7_cortexa9_0' is selected.
04:00:18 INFO  : 'con' command is executed.
04:00:18 INFO  : ----------------XSDB Script (After Launch)----------------
targets -set -nocase -filter {name =~ "*A9*#0"}
con
----------------End of Script----------------

04:00:18 INFO  : Launch script is exported to file '/home/go/Desktop/ZyboZ7_10_Renderer/workspace_vitis/renderer_system/_ide/scripts/debugger_renderer-default.tcl'
04:03:32 INFO  : Checking for BSP changes to sync application flags for project 'renderer'...
04:03:42 INFO  : Disconnected from the channel tcfchan#2.
04:03:43 INFO  : Connected to target on host '127.0.0.1' and port '3121'.
04:03:43 INFO  : Jtag cable 'Digilent Zybo Z7 210351A818FFA' is selected.
04:03:43 ERROR : port closed
04:03:43 INFO  : ----------------XSDB Script----------------
connect -url tcp:127.0.0.1:3121
----------------End of Script----------------

04:03:43 ERROR : port closed
04:04:10 INFO  : Connected to target on host '127.0.0.1' and port '3121'.
04:04:10 INFO  : Jtag cable 'Digilent Zybo Z7 210351A818FFA' is selected.
04:04:10 INFO  : 'jtag frequency' command is executed.
04:04:10 INFO  : Context for 'APU' is selected.
04:04:10 INFO  : System reset is completed.
04:04:13 INFO  : 'after 3000' command is executed.
04:04:13 INFO  : 'targets -set -filter {jtag_cable_name =~ "Digilent Zybo Z7 210351A818FFA" && level==0 && jtag_device_ctx=="jsn-Zybo Z7-210351A818FFA-13722093-0"}' command is executed.
04:04:14 INFO  : Device configured successfully with "/home/go/Desktop/ZyboZ7_10_Renderer/workspace_vitis/renderer/_ide/bitstream/main_wrapper.bit"
04:04:14 INFO  : Context for 'APU' is selected.
04:04:14 INFO  : Hardware design and registers information is loaded from '/home/go/Desktop/ZyboZ7_10_Renderer/workspace_vitis/main_wrapper/export/main_wrapper/hw/main_wrapper.xsa'.
04:04:14 INFO  : 'configparams force-mem-access 1' command is executed.
04:04:14 INFO  : Context for 'APU' is selected.
04:04:14 INFO  : Sourcing of '/home/go/Desktop/ZyboZ7_10_Renderer/workspace_vitis/renderer/_ide/psinit/ps7_init.tcl' is done.
04:04:14 INFO  : 'ps7_init' command is executed.
04:04:14 INFO  : 'ps7_post_config' command is executed.
04:04:14 INFO  : Context for processor 'ps7_cortexa9_0' is selected.
04:04:14 INFO  : The application '/home/go/Desktop/ZyboZ7_10_Renderer/workspace_vitis/renderer/Debug/renderer.elf' is downloaded to processor 'ps7_cortexa9_0'.
04:04:14 INFO  : 'configparams force-mem-access 0' command is executed.
04:04:14 INFO  : ----------------XSDB Script----------------
connect -url tcp:127.0.0.1:3121
targets -set -nocase -filter {name =~"APU*"}
rst -system
after 3000
targets -set -filter {jtag_cable_name =~ "Digilent Zybo Z7 210351A818FFA" && level==0 && jtag_device_ctx=="jsn-Zybo Z7-210351A818FFA-13722093-0"}
fpga -file /home/go/Desktop/ZyboZ7_10_Renderer/workspace_vitis/renderer/_ide/bitstream/main_wrapper.bit
targets -set -nocase -filter {name =~"APU*"}
loadhw -hw /home/go/Desktop/ZyboZ7_10_Renderer/workspace_vitis/main_wrapper/export/main_wrapper/hw/main_wrapper.xsa -mem-ranges [list {0x40000000 0xbfffffff}] -regs
configparams force-mem-access 1
targets -set -nocase -filter {name =~"APU*"}
source /home/go/Desktop/ZyboZ7_10_Renderer/workspace_vitis/renderer/_ide/psinit/ps7_init.tcl
ps7_init
ps7_post_config
targets -set -nocase -filter {name =~ "*A9*#0"}
dow /home/go/Desktop/ZyboZ7_10_Renderer/workspace_vitis/renderer/Debug/renderer.elf
configparams force-mem-access 0
----------------End of Script----------------

04:04:14 INFO  : Context for processor 'ps7_cortexa9_0' is selected.
04:04:14 INFO  : 'con' command is executed.
04:04:14 INFO  : ----------------XSDB Script (After Launch)----------------
targets -set -nocase -filter {name =~ "*A9*#0"}
con
----------------End of Script----------------

04:04:14 INFO  : Launch script is exported to file '/home/go/Desktop/ZyboZ7_10_Renderer/workspace_vitis/renderer_system/_ide/scripts/debugger_renderer-default.tcl'
04:04:40 INFO  : Disconnected from the channel tcfchan#3.
04:04:41 INFO  : Connected to target on host '127.0.0.1' and port '3121'.
04:04:41 INFO  : Jtag cable 'Digilent Zybo Z7 210351A818FFA' is selected.
04:04:41 INFO  : 'jtag frequency' command is executed.
04:04:43 INFO  : Context for 'APU' is selected.
04:04:43 INFO  : System reset is completed.
04:04:46 INFO  : 'after 3000' command is executed.
04:04:46 INFO  : 'targets -set -filter {jtag_cable_name =~ "Digilent Zybo Z7 210351A818FFA" && level==0 && jtag_device_ctx=="jsn-Zybo Z7-210351A818FFA-13722093-0"}' command is executed.
04:04:47 INFO  : Device configured successfully with "/home/go/Desktop/ZyboZ7_10_Renderer/workspace_vitis/renderer/_ide/bitstream/main_wrapper.bit"
04:04:47 INFO  : Context for 'APU' is selected.
04:04:47 INFO  : Hardware design and registers information is loaded from '/home/go/Desktop/ZyboZ7_10_Renderer/workspace_vitis/main_wrapper/export/main_wrapper/hw/main_wrapper.xsa'.
04:04:47 INFO  : 'configparams force-mem-access 1' command is executed.
04:04:47 INFO  : Context for 'APU' is selected.
04:04:47 INFO  : Sourcing of '/home/go/Desktop/ZyboZ7_10_Renderer/workspace_vitis/renderer/_ide/psinit/ps7_init.tcl' is done.
04:04:47 INFO  : 'ps7_init' command is executed.
04:04:47 INFO  : 'ps7_post_config' command is executed.
04:04:47 INFO  : Context for processor 'ps7_cortexa9_0' is selected.
04:04:47 INFO  : The application '/home/go/Desktop/ZyboZ7_10_Renderer/workspace_vitis/renderer/Debug/renderer.elf' is downloaded to processor 'ps7_cortexa9_0'.
04:04:47 INFO  : 'configparams force-mem-access 0' command is executed.
04:04:47 INFO  : ----------------XSDB Script----------------
connect -url tcp:127.0.0.1:3121
targets -set -nocase -filter {name =~"APU*"}
rst -system
after 3000
targets -set -filter {jtag_cable_name =~ "Digilent Zybo Z7 210351A818FFA" && level==0 && jtag_device_ctx=="jsn-Zybo Z7-210351A818FFA-13722093-0"}
fpga -file /home/go/Desktop/ZyboZ7_10_Renderer/workspace_vitis/renderer/_ide/bitstream/main_wrapper.bit
targets -set -nocase -filter {name =~"APU*"}
loadhw -hw /home/go/Desktop/ZyboZ7_10_Renderer/workspace_vitis/main_wrapper/export/main_wrapper/hw/main_wrapper.xsa -mem-ranges [list {0x40000000 0xbfffffff}] -regs
configparams force-mem-access 1
targets -set -nocase -filter {name =~"APU*"}
source /home/go/Desktop/ZyboZ7_10_Renderer/workspace_vitis/renderer/_ide/psinit/ps7_init.tcl
ps7_init
ps7_post_config
targets -set -nocase -filter {name =~ "*A9*#0"}
dow /home/go/Desktop/ZyboZ7_10_Renderer/workspace_vitis/renderer/Debug/renderer.elf
configparams force-mem-access 0
----------------End of Script----------------

04:04:47 INFO  : Context for processor 'ps7_cortexa9_0' is selected.
04:04:47 INFO  : 'con' command is executed.
04:04:47 INFO  : ----------------XSDB Script (After Launch)----------------
targets -set -nocase -filter {name =~ "*A9*#0"}
con
----------------End of Script----------------

04:04:47 INFO  : Launch script is exported to file '/home/go/Desktop/ZyboZ7_10_Renderer/workspace_vitis/renderer_system/_ide/scripts/debugger_renderer-default.tcl'
04:05:03 INFO  : Checking for BSP changes to sync application flags for project 'renderer'...
04:07:32 INFO  : Checking for BSP changes to sync application flags for project 'renderer'...
04:07:39 INFO  : Disconnected from the channel tcfchan#4.
04:07:40 INFO  : Connected to target on host '127.0.0.1' and port '3121'.
04:07:49 INFO  : ----------------XSDB Script----------------
connect -url tcp:127.0.0.1:3121
----------------End of Script----------------

04:07:49 ERROR : Could not find Jtag device on the board for connection 'Local'.


Troubleshooting hints:
1. Check whether board is connected to system properly.
2. In case of zynq board, check whether Digilent/Xilinx cable switch settings are correct.
3. If you are using Xilinx Platform Cable USB, ensure that status LED is green.
04:08:03 INFO  : Connected to target on host '127.0.0.1' and port '3121'.
04:08:03 INFO  : Jtag cable 'Digilent Zybo Z7 210351A818FFA' is selected.
04:08:03 INFO  : 'jtag frequency' command is executed.
04:08:03 INFO  : Context for 'APU' is selected.
04:08:03 INFO  : System reset is completed.
04:08:06 INFO  : 'after 3000' command is executed.
04:08:06 INFO  : 'targets -set -filter {jtag_cable_name =~ "Digilent Zybo Z7 210351A818FFA" && level==0 && jtag_device_ctx=="jsn-Zybo Z7-210351A818FFA-13722093-0"}' command is executed.
04:08:08 INFO  : Device configured successfully with "/home/go/Desktop/ZyboZ7_10_Renderer/workspace_vitis/renderer/_ide/bitstream/main_wrapper.bit"
04:08:08 INFO  : Context for 'APU' is selected.
04:08:08 INFO  : Hardware design and registers information is loaded from '/home/go/Desktop/ZyboZ7_10_Renderer/workspace_vitis/main_wrapper/export/main_wrapper/hw/main_wrapper.xsa'.
04:08:08 INFO  : 'configparams force-mem-access 1' command is executed.
04:08:08 INFO  : Context for 'APU' is selected.
04:08:08 INFO  : Sourcing of '/home/go/Desktop/ZyboZ7_10_Renderer/workspace_vitis/renderer/_ide/psinit/ps7_init.tcl' is done.
04:08:08 INFO  : 'ps7_init' command is executed.
04:08:08 INFO  : 'ps7_post_config' command is executed.
04:08:08 INFO  : Context for processor 'ps7_cortexa9_0' is selected.
04:08:08 INFO  : The application '/home/go/Desktop/ZyboZ7_10_Renderer/workspace_vitis/renderer/Debug/renderer.elf' is downloaded to processor 'ps7_cortexa9_0'.
04:08:08 INFO  : 'configparams force-mem-access 0' command is executed.
04:08:08 INFO  : ----------------XSDB Script----------------
connect -url tcp:127.0.0.1:3121
targets -set -nocase -filter {name =~"APU*"}
rst -system
after 3000
targets -set -filter {jtag_cable_name =~ "Digilent Zybo Z7 210351A818FFA" && level==0 && jtag_device_ctx=="jsn-Zybo Z7-210351A818FFA-13722093-0"}
fpga -file /home/go/Desktop/ZyboZ7_10_Renderer/workspace_vitis/renderer/_ide/bitstream/main_wrapper.bit
targets -set -nocase -filter {name =~"APU*"}
loadhw -hw /home/go/Desktop/ZyboZ7_10_Renderer/workspace_vitis/main_wrapper/export/main_wrapper/hw/main_wrapper.xsa -mem-ranges [list {0x40000000 0xbfffffff}] -regs
configparams force-mem-access 1
targets -set -nocase -filter {name =~"APU*"}
source /home/go/Desktop/ZyboZ7_10_Renderer/workspace_vitis/renderer/_ide/psinit/ps7_init.tcl
ps7_init
ps7_post_config
targets -set -nocase -filter {name =~ "*A9*#0"}
dow /home/go/Desktop/ZyboZ7_10_Renderer/workspace_vitis/renderer/Debug/renderer.elf
configparams force-mem-access 0
----------------End of Script----------------

04:08:08 INFO  : Context for processor 'ps7_cortexa9_0' is selected.
04:08:08 INFO  : 'con' command is executed.
04:08:08 INFO  : ----------------XSDB Script (After Launch)----------------
targets -set -nocase -filter {name =~ "*A9*#0"}
con
----------------End of Script----------------

04:08:08 INFO  : Launch script is exported to file '/home/go/Desktop/ZyboZ7_10_Renderer/workspace_vitis/renderer_system/_ide/scripts/debugger_renderer-default.tcl'
04:09:30 INFO  : Disconnected from the channel tcfchan#5.
04:09:31 INFO  : Connected to target on host '127.0.0.1' and port '3121'.
04:09:31 INFO  : Jtag cable 'Digilent Zybo Z7 210351A818FFA' is selected.
04:09:31 INFO  : 'jtag frequency' command is executed.
04:09:31 INFO  : Context for 'APU' is selected.
04:09:31 INFO  : System reset is completed.
04:09:34 INFO  : 'after 3000' command is executed.
04:09:34 INFO  : 'targets -set -filter {jtag_cable_name =~ "Digilent Zybo Z7 210351A818FFA" && level==0 && jtag_device_ctx=="jsn-Zybo Z7-210351A818FFA-13722093-0"}' command is executed.
04:09:35 INFO  : Device configured successfully with "/home/go/Desktop/ZyboZ7_10_Renderer/workspace_vitis/renderer/_ide/bitstream/main_wrapper.bit"
04:09:35 INFO  : Context for 'APU' is selected.
04:09:35 INFO  : Hardware design and registers information is loaded from '/home/go/Desktop/ZyboZ7_10_Renderer/workspace_vitis/main_wrapper/export/main_wrapper/hw/main_wrapper.xsa'.
04:09:35 INFO  : 'configparams force-mem-access 1' command is executed.
04:09:35 INFO  : Context for 'APU' is selected.
04:09:35 INFO  : Sourcing of '/home/go/Desktop/ZyboZ7_10_Renderer/workspace_vitis/renderer/_ide/psinit/ps7_init.tcl' is done.
04:09:35 INFO  : 'ps7_init' command is executed.
04:09:35 INFO  : 'ps7_post_config' command is executed.
04:09:35 INFO  : Context for processor 'ps7_cortexa9_0' is selected.
04:09:35 INFO  : The application '/home/go/Desktop/ZyboZ7_10_Renderer/workspace_vitis/renderer/Debug/renderer.elf' is downloaded to processor 'ps7_cortexa9_0'.
04:09:35 INFO  : 'configparams force-mem-access 0' command is executed.
04:09:35 INFO  : ----------------XSDB Script----------------
connect -url tcp:127.0.0.1:3121
targets -set -nocase -filter {name =~"APU*"}
rst -system
after 3000
targets -set -filter {jtag_cable_name =~ "Digilent Zybo Z7 210351A818FFA" && level==0 && jtag_device_ctx=="jsn-Zybo Z7-210351A818FFA-13722093-0"}
fpga -file /home/go/Desktop/ZyboZ7_10_Renderer/workspace_vitis/renderer/_ide/bitstream/main_wrapper.bit
targets -set -nocase -filter {name =~"APU*"}
loadhw -hw /home/go/Desktop/ZyboZ7_10_Renderer/workspace_vitis/main_wrapper/export/main_wrapper/hw/main_wrapper.xsa -mem-ranges [list {0x40000000 0xbfffffff}] -regs
configparams force-mem-access 1
targets -set -nocase -filter {name =~"APU*"}
source /home/go/Desktop/ZyboZ7_10_Renderer/workspace_vitis/renderer/_ide/psinit/ps7_init.tcl
ps7_init
ps7_post_config
targets -set -nocase -filter {name =~ "*A9*#0"}
dow /home/go/Desktop/ZyboZ7_10_Renderer/workspace_vitis/renderer/Debug/renderer.elf
configparams force-mem-access 0
----------------End of Script----------------

04:09:35 INFO  : Context for processor 'ps7_cortexa9_0' is selected.
04:09:35 INFO  : 'con' command is executed.
04:09:35 INFO  : ----------------XSDB Script (After Launch)----------------
targets -set -nocase -filter {name =~ "*A9*#0"}
con
----------------End of Script----------------

04:09:35 INFO  : Launch script is exported to file '/home/go/Desktop/ZyboZ7_10_Renderer/workspace_vitis/renderer_system/_ide/scripts/debugger_renderer-default.tcl'
04:10:11 INFO  : Disconnected from the channel tcfchan#6.
04:10:12 INFO  : Connected to target on host '127.0.0.1' and port '3121'.
04:10:12 INFO  : Jtag cable 'Digilent Zybo Z7 210351A818FFA' is selected.
04:10:12 ERROR : port closed
04:10:12 INFO  : ----------------XSDB Script----------------
connect -url tcp:127.0.0.1:3121
----------------End of Script----------------

04:10:12 ERROR : port closed
04:10:31 INFO  : Connected to target on host '127.0.0.1' and port '3121'.
04:10:31 INFO  : Jtag cable 'Digilent Zybo Z7 210351A818FFA' is selected.
04:10:31 INFO  : 'jtag frequency' command is executed.
04:10:31 INFO  : Context for 'APU' is selected.
04:10:31 INFO  : System reset is completed.
04:10:34 INFO  : 'after 3000' command is executed.
04:10:34 INFO  : 'targets -set -filter {jtag_cable_name =~ "Digilent Zybo Z7 210351A818FFA" && level==0 && jtag_device_ctx=="jsn-Zybo Z7-210351A818FFA-13722093-0"}' command is executed.
04:10:35 INFO  : Device configured successfully with "/home/go/Desktop/ZyboZ7_10_Renderer/workspace_vitis/renderer/_ide/bitstream/main_wrapper.bit"
04:10:35 INFO  : Context for 'APU' is selected.
04:10:35 INFO  : Hardware design and registers information is loaded from '/home/go/Desktop/ZyboZ7_10_Renderer/workspace_vitis/main_wrapper/export/main_wrapper/hw/main_wrapper.xsa'.
04:10:35 INFO  : 'configparams force-mem-access 1' command is executed.
04:10:35 INFO  : Context for 'APU' is selected.
04:10:35 INFO  : Sourcing of '/home/go/Desktop/ZyboZ7_10_Renderer/workspace_vitis/renderer/_ide/psinit/ps7_init.tcl' is done.
04:10:35 INFO  : 'ps7_init' command is executed.
04:10:35 INFO  : 'ps7_post_config' command is executed.
04:10:35 INFO  : Context for processor 'ps7_cortexa9_0' is selected.
04:10:36 INFO  : The application '/home/go/Desktop/ZyboZ7_10_Renderer/workspace_vitis/renderer/Debug/renderer.elf' is downloaded to processor 'ps7_cortexa9_0'.
04:10:36 INFO  : 'configparams force-mem-access 0' command is executed.
04:10:36 INFO  : ----------------XSDB Script----------------
connect -url tcp:127.0.0.1:3121
targets -set -nocase -filter {name =~"APU*"}
rst -system
after 3000
targets -set -filter {jtag_cable_name =~ "Digilent Zybo Z7 210351A818FFA" && level==0 && jtag_device_ctx=="jsn-Zybo Z7-210351A818FFA-13722093-0"}
fpga -file /home/go/Desktop/ZyboZ7_10_Renderer/workspace_vitis/renderer/_ide/bitstream/main_wrapper.bit
targets -set -nocase -filter {name =~"APU*"}
loadhw -hw /home/go/Desktop/ZyboZ7_10_Renderer/workspace_vitis/main_wrapper/export/main_wrapper/hw/main_wrapper.xsa -mem-ranges [list {0x40000000 0xbfffffff}] -regs
configparams force-mem-access 1
targets -set -nocase -filter {name =~"APU*"}
source /home/go/Desktop/ZyboZ7_10_Renderer/workspace_vitis/renderer/_ide/psinit/ps7_init.tcl
ps7_init
ps7_post_config
targets -set -nocase -filter {name =~ "*A9*#0"}
dow /home/go/Desktop/ZyboZ7_10_Renderer/workspace_vitis/renderer/Debug/renderer.elf
configparams force-mem-access 0
----------------End of Script----------------

04:10:36 INFO  : Context for processor 'ps7_cortexa9_0' is selected.
04:10:36 INFO  : 'con' command is executed.
04:10:36 INFO  : ----------------XSDB Script (After Launch)----------------
targets -set -nocase -filter {name =~ "*A9*#0"}
con
----------------End of Script----------------

04:10:36 INFO  : Launch script is exported to file '/home/go/Desktop/ZyboZ7_10_Renderer/workspace_vitis/renderer_system/_ide/scripts/debugger_renderer-default.tcl'
04:12:17 INFO  : Disconnected from the channel tcfchan#7.
04:12:18 INFO  : Connected to target on host '127.0.0.1' and port '3121'.
04:12:18 INFO  : Jtag cable 'Digilent Zybo Z7 210351A818FFA' is selected.
04:12:18 INFO  : 'jtag frequency' command is executed.
04:12:20 INFO  : Context for 'APU' is selected.
04:12:20 INFO  : System reset is completed.
04:12:23 INFO  : 'after 3000' command is executed.
04:12:23 INFO  : 'targets -set -filter {jtag_cable_name =~ "Digilent Zybo Z7 210351A818FFA" && level==0 && jtag_device_ctx=="jsn-Zybo Z7-210351A818FFA-13722093-0"}' command is executed.
04:12:24 INFO  : Device configured successfully with "/home/go/Desktop/ZyboZ7_10_Renderer/workspace_vitis/renderer/_ide/bitstream/main_wrapper.bit"
04:12:24 INFO  : Context for 'APU' is selected.
04:12:24 INFO  : Hardware design and registers information is loaded from '/home/go/Desktop/ZyboZ7_10_Renderer/workspace_vitis/main_wrapper/export/main_wrapper/hw/main_wrapper.xsa'.
04:12:24 INFO  : 'configparams force-mem-access 1' command is executed.
04:12:24 INFO  : Context for 'APU' is selected.
04:12:24 INFO  : Sourcing of '/home/go/Desktop/ZyboZ7_10_Renderer/workspace_vitis/renderer/_ide/psinit/ps7_init.tcl' is done.
04:12:24 INFO  : 'ps7_init' command is executed.
04:12:24 INFO  : 'ps7_post_config' command is executed.
04:12:24 INFO  : Context for processor 'ps7_cortexa9_0' is selected.
04:12:24 INFO  : The application '/home/go/Desktop/ZyboZ7_10_Renderer/workspace_vitis/renderer/Debug/renderer.elf' is downloaded to processor 'ps7_cortexa9_0'.
04:12:24 INFO  : 'configparams force-mem-access 0' command is executed.
04:12:24 INFO  : ----------------XSDB Script----------------
connect -url tcp:127.0.0.1:3121
targets -set -nocase -filter {name =~"APU*"}
rst -system
after 3000
targets -set -filter {jtag_cable_name =~ "Digilent Zybo Z7 210351A818FFA" && level==0 && jtag_device_ctx=="jsn-Zybo Z7-210351A818FFA-13722093-0"}
fpga -file /home/go/Desktop/ZyboZ7_10_Renderer/workspace_vitis/renderer/_ide/bitstream/main_wrapper.bit
targets -set -nocase -filter {name =~"APU*"}
loadhw -hw /home/go/Desktop/ZyboZ7_10_Renderer/workspace_vitis/main_wrapper/export/main_wrapper/hw/main_wrapper.xsa -mem-ranges [list {0x40000000 0xbfffffff}] -regs
configparams force-mem-access 1
targets -set -nocase -filter {name =~"APU*"}
source /home/go/Desktop/ZyboZ7_10_Renderer/workspace_vitis/renderer/_ide/psinit/ps7_init.tcl
ps7_init
ps7_post_config
targets -set -nocase -filter {name =~ "*A9*#0"}
dow /home/go/Desktop/ZyboZ7_10_Renderer/workspace_vitis/renderer/Debug/renderer.elf
configparams force-mem-access 0
----------------End of Script----------------

04:12:24 INFO  : Context for processor 'ps7_cortexa9_0' is selected.
04:12:25 INFO  : 'con' command is executed.
04:12:25 INFO  : ----------------XSDB Script (After Launch)----------------
targets -set -nocase -filter {name =~ "*A9*#0"}
con
----------------End of Script----------------

04:12:25 INFO  : Launch script is exported to file '/home/go/Desktop/ZyboZ7_10_Renderer/workspace_vitis/renderer_system/_ide/scripts/debugger_renderer-default.tcl'
04:12:46 INFO  : Checking for BSP changes to sync application flags for project 'renderer'...
04:12:53 INFO  : Disconnected from the channel tcfchan#8.
04:12:54 INFO  : Connected to target on host '127.0.0.1' and port '3121'.
04:12:54 INFO  : Jtag cable 'Digilent Zybo Z7 210351A818FFA' is selected.
04:12:54 INFO  : 'jtag frequency' command is executed.
04:12:55 INFO  : Context for 'APU' is selected.
04:12:55 INFO  : System reset is completed.
04:12:58 INFO  : 'after 3000' command is executed.
04:12:58 INFO  : 'targets -set -filter {jtag_cable_name =~ "Digilent Zybo Z7 210351A818FFA" && level==0 && jtag_device_ctx=="jsn-Zybo Z7-210351A818FFA-13722093-0"}' command is executed.
04:12:59 INFO  : Device configured successfully with "/home/go/Desktop/ZyboZ7_10_Renderer/workspace_vitis/renderer/_ide/bitstream/main_wrapper.bit"
04:12:59 INFO  : Context for 'APU' is selected.
04:12:59 INFO  : Hardware design and registers information is loaded from '/home/go/Desktop/ZyboZ7_10_Renderer/workspace_vitis/main_wrapper/export/main_wrapper/hw/main_wrapper.xsa'.
04:12:59 INFO  : 'configparams force-mem-access 1' command is executed.
04:12:59 INFO  : Context for 'APU' is selected.
04:12:59 INFO  : Sourcing of '/home/go/Desktop/ZyboZ7_10_Renderer/workspace_vitis/renderer/_ide/psinit/ps7_init.tcl' is done.
04:12:59 INFO  : 'ps7_init' command is executed.
04:12:59 INFO  : 'ps7_post_config' command is executed.
04:12:59 INFO  : Context for processor 'ps7_cortexa9_0' is selected.
04:12:59 INFO  : The application '/home/go/Desktop/ZyboZ7_10_Renderer/workspace_vitis/renderer/Debug/renderer.elf' is downloaded to processor 'ps7_cortexa9_0'.
04:12:59 INFO  : 'configparams force-mem-access 0' command is executed.
04:12:59 INFO  : ----------------XSDB Script----------------
connect -url tcp:127.0.0.1:3121
targets -set -nocase -filter {name =~"APU*"}
rst -system
after 3000
targets -set -filter {jtag_cable_name =~ "Digilent Zybo Z7 210351A818FFA" && level==0 && jtag_device_ctx=="jsn-Zybo Z7-210351A818FFA-13722093-0"}
fpga -file /home/go/Desktop/ZyboZ7_10_Renderer/workspace_vitis/renderer/_ide/bitstream/main_wrapper.bit
targets -set -nocase -filter {name =~"APU*"}
loadhw -hw /home/go/Desktop/ZyboZ7_10_Renderer/workspace_vitis/main_wrapper/export/main_wrapper/hw/main_wrapper.xsa -mem-ranges [list {0x40000000 0xbfffffff}] -regs
configparams force-mem-access 1
targets -set -nocase -filter {name =~"APU*"}
source /home/go/Desktop/ZyboZ7_10_Renderer/workspace_vitis/renderer/_ide/psinit/ps7_init.tcl
ps7_init
ps7_post_config
targets -set -nocase -filter {name =~ "*A9*#0"}
dow /home/go/Desktop/ZyboZ7_10_Renderer/workspace_vitis/renderer/Debug/renderer.elf
configparams force-mem-access 0
----------------End of Script----------------

04:12:59 INFO  : Context for processor 'ps7_cortexa9_0' is selected.
04:12:59 INFO  : 'con' command is executed.
04:12:59 INFO  : ----------------XSDB Script (After Launch)----------------
targets -set -nocase -filter {name =~ "*A9*#0"}
con
----------------End of Script----------------

04:12:59 INFO  : Launch script is exported to file '/home/go/Desktop/ZyboZ7_10_Renderer/workspace_vitis/renderer_system/_ide/scripts/debugger_renderer-default.tcl'
04:14:48 INFO  : Checking for BSP changes to sync application flags for project 'renderer'...
04:14:55 INFO  : Disconnected from the channel tcfchan#9.
04:14:56 INFO  : Connected to target on host '127.0.0.1' and port '3121'.
04:14:56 INFO  : Jtag cable 'Digilent Zybo Z7 210351A818FFA' is selected.
04:14:56 INFO  : 'jtag frequency' command is executed.
04:14:57 INFO  : Context for 'APU' is selected.
04:14:57 INFO  : System reset is completed.
04:15:00 INFO  : 'after 3000' command is executed.
04:15:00 INFO  : 'targets -set -filter {jtag_cable_name =~ "Digilent Zybo Z7 210351A818FFA" && level==0 && jtag_device_ctx=="jsn-Zybo Z7-210351A818FFA-13722093-0"}' command is executed.
04:15:01 INFO  : Device configured successfully with "/home/go/Desktop/ZyboZ7_10_Renderer/workspace_vitis/renderer/_ide/bitstream/main_wrapper.bit"
04:15:01 INFO  : Context for 'APU' is selected.
04:15:01 INFO  : Hardware design and registers information is loaded from '/home/go/Desktop/ZyboZ7_10_Renderer/workspace_vitis/main_wrapper/export/main_wrapper/hw/main_wrapper.xsa'.
04:15:01 INFO  : 'configparams force-mem-access 1' command is executed.
04:15:01 INFO  : Context for 'APU' is selected.
04:15:01 INFO  : Sourcing of '/home/go/Desktop/ZyboZ7_10_Renderer/workspace_vitis/renderer/_ide/psinit/ps7_init.tcl' is done.
04:15:01 INFO  : 'ps7_init' command is executed.
04:15:01 INFO  : 'ps7_post_config' command is executed.
04:15:01 INFO  : Context for processor 'ps7_cortexa9_0' is selected.
04:15:01 INFO  : The application '/home/go/Desktop/ZyboZ7_10_Renderer/workspace_vitis/renderer/Debug/renderer.elf' is downloaded to processor 'ps7_cortexa9_0'.
04:15:01 INFO  : 'configparams force-mem-access 0' command is executed.
04:15:01 INFO  : ----------------XSDB Script----------------
connect -url tcp:127.0.0.1:3121
targets -set -nocase -filter {name =~"APU*"}
rst -system
after 3000
targets -set -filter {jtag_cable_name =~ "Digilent Zybo Z7 210351A818FFA" && level==0 && jtag_device_ctx=="jsn-Zybo Z7-210351A818FFA-13722093-0"}
fpga -file /home/go/Desktop/ZyboZ7_10_Renderer/workspace_vitis/renderer/_ide/bitstream/main_wrapper.bit
targets -set -nocase -filter {name =~"APU*"}
loadhw -hw /home/go/Desktop/ZyboZ7_10_Renderer/workspace_vitis/main_wrapper/export/main_wrapper/hw/main_wrapper.xsa -mem-ranges [list {0x40000000 0xbfffffff}] -regs
configparams force-mem-access 1
targets -set -nocase -filter {name =~"APU*"}
source /home/go/Desktop/ZyboZ7_10_Renderer/workspace_vitis/renderer/_ide/psinit/ps7_init.tcl
ps7_init
ps7_post_config
targets -set -nocase -filter {name =~ "*A9*#0"}
dow /home/go/Desktop/ZyboZ7_10_Renderer/workspace_vitis/renderer/Debug/renderer.elf
configparams force-mem-access 0
----------------End of Script----------------

04:15:01 INFO  : Context for processor 'ps7_cortexa9_0' is selected.
04:15:01 INFO  : 'con' command is executed.
04:15:01 INFO  : ----------------XSDB Script (After Launch)----------------
targets -set -nocase -filter {name =~ "*A9*#0"}
con
----------------End of Script----------------

04:15:01 INFO  : Launch script is exported to file '/home/go/Desktop/ZyboZ7_10_Renderer/workspace_vitis/renderer_system/_ide/scripts/debugger_renderer-default.tcl'
04:18:02 INFO  : Checking for BSP changes to sync application flags for project 'renderer'...
04:18:09 INFO  : Disconnected from the channel tcfchan#10.
04:18:10 INFO  : Connected to target on host '127.0.0.1' and port '3121'.
04:18:10 INFO  : Jtag cable 'Digilent Zybo Z7 210351A818FFA' is selected.
04:18:10 INFO  : 'jtag frequency' command is executed.
04:18:10 INFO  : Context for 'APU' is selected.
04:18:10 INFO  : System reset is completed.
04:18:13 INFO  : 'after 3000' command is executed.
04:18:13 INFO  : 'targets -set -filter {jtag_cable_name =~ "Digilent Zybo Z7 210351A818FFA" && level==0 && jtag_device_ctx=="jsn-Zybo Z7-210351A818FFA-13722093-0"}' command is executed.
04:18:14 INFO  : Device configured successfully with "/home/go/Desktop/ZyboZ7_10_Renderer/workspace_vitis/renderer/_ide/bitstream/main_wrapper.bit"
04:18:14 INFO  : Context for 'APU' is selected.
04:18:14 INFO  : Hardware design and registers information is loaded from '/home/go/Desktop/ZyboZ7_10_Renderer/workspace_vitis/main_wrapper/export/main_wrapper/hw/main_wrapper.xsa'.
04:18:14 INFO  : 'configparams force-mem-access 1' command is executed.
04:18:14 INFO  : Context for 'APU' is selected.
04:18:14 INFO  : Sourcing of '/home/go/Desktop/ZyboZ7_10_Renderer/workspace_vitis/renderer/_ide/psinit/ps7_init.tcl' is done.
04:18:14 INFO  : 'ps7_init' command is executed.
04:18:14 INFO  : 'ps7_post_config' command is executed.
04:18:14 INFO  : Context for processor 'ps7_cortexa9_0' is selected.
04:18:15 INFO  : The application '/home/go/Desktop/ZyboZ7_10_Renderer/workspace_vitis/renderer/Debug/renderer.elf' is downloaded to processor 'ps7_cortexa9_0'.
04:18:15 INFO  : 'configparams force-mem-access 0' command is executed.
04:18:15 INFO  : ----------------XSDB Script----------------
connect -url tcp:127.0.0.1:3121
targets -set -nocase -filter {name =~"APU*"}
rst -system
after 3000
targets -set -filter {jtag_cable_name =~ "Digilent Zybo Z7 210351A818FFA" && level==0 && jtag_device_ctx=="jsn-Zybo Z7-210351A818FFA-13722093-0"}
fpga -file /home/go/Desktop/ZyboZ7_10_Renderer/workspace_vitis/renderer/_ide/bitstream/main_wrapper.bit
targets -set -nocase -filter {name =~"APU*"}
loadhw -hw /home/go/Desktop/ZyboZ7_10_Renderer/workspace_vitis/main_wrapper/export/main_wrapper/hw/main_wrapper.xsa -mem-ranges [list {0x40000000 0xbfffffff}] -regs
configparams force-mem-access 1
targets -set -nocase -filter {name =~"APU*"}
source /home/go/Desktop/ZyboZ7_10_Renderer/workspace_vitis/renderer/_ide/psinit/ps7_init.tcl
ps7_init
ps7_post_config
targets -set -nocase -filter {name =~ "*A9*#0"}
dow /home/go/Desktop/ZyboZ7_10_Renderer/workspace_vitis/renderer/Debug/renderer.elf
configparams force-mem-access 0
----------------End of Script----------------

04:18:15 INFO  : Context for processor 'ps7_cortexa9_0' is selected.
04:18:15 INFO  : 'con' command is executed.
04:18:15 INFO  : ----------------XSDB Script (After Launch)----------------
targets -set -nocase -filter {name =~ "*A9*#0"}
con
----------------End of Script----------------

04:18:15 INFO  : Launch script is exported to file '/home/go/Desktop/ZyboZ7_10_Renderer/workspace_vitis/renderer_system/_ide/scripts/debugger_renderer-default.tcl'
04:23:40 INFO  : Disconnected from the channel tcfchan#11.
04:23:41 INFO  : Connected to target on host '127.0.0.1' and port '3121'.
04:23:41 INFO  : Jtag cable 'Digilent Zybo Z7 210351A818FFA' is selected.
04:23:41 ERROR : port closed
04:23:41 INFO  : ----------------XSDB Script----------------
connect -url tcp:127.0.0.1:3121
----------------End of Script----------------

04:23:41 ERROR : port closed
04:23:48 INFO  : Connected to target on host '127.0.0.1' and port '3121'.
04:23:48 INFO  : Jtag cable 'Digilent Zybo Z7 210351A818FFA' is selected.
04:23:48 INFO  : 'jtag frequency' command is executed.
04:23:49 INFO  : Context for 'APU' is selected.
04:23:49 INFO  : System reset is completed.
04:23:52 INFO  : 'after 3000' command is executed.
04:23:52 INFO  : 'targets -set -filter {jtag_cable_name =~ "Digilent Zybo Z7 210351A818FFA" && level==0 && jtag_device_ctx=="jsn-Zybo Z7-210351A818FFA-13722093-0"}' command is executed.
04:23:53 INFO  : Device configured successfully with "/home/go/Desktop/ZyboZ7_10_Renderer/workspace_vitis/renderer/_ide/bitstream/main_wrapper.bit"
04:23:53 INFO  : Context for 'APU' is selected.
04:23:53 INFO  : Hardware design and registers information is loaded from '/home/go/Desktop/ZyboZ7_10_Renderer/workspace_vitis/main_wrapper/export/main_wrapper/hw/main_wrapper.xsa'.
04:23:53 INFO  : 'configparams force-mem-access 1' command is executed.
04:23:53 INFO  : Context for 'APU' is selected.
04:23:53 INFO  : Sourcing of '/home/go/Desktop/ZyboZ7_10_Renderer/workspace_vitis/renderer/_ide/psinit/ps7_init.tcl' is done.
04:23:53 INFO  : 'ps7_init' command is executed.
04:23:53 INFO  : 'ps7_post_config' command is executed.
04:23:53 INFO  : Context for processor 'ps7_cortexa9_0' is selected.
04:23:53 INFO  : The application '/home/go/Desktop/ZyboZ7_10_Renderer/workspace_vitis/renderer/Debug/renderer.elf' is downloaded to processor 'ps7_cortexa9_0'.
04:23:53 INFO  : 'configparams force-mem-access 0' command is executed.
04:23:53 INFO  : ----------------XSDB Script----------------
connect -url tcp:127.0.0.1:3121
targets -set -nocase -filter {name =~"APU*"}
rst -system
after 3000
targets -set -filter {jtag_cable_name =~ "Digilent Zybo Z7 210351A818FFA" && level==0 && jtag_device_ctx=="jsn-Zybo Z7-210351A818FFA-13722093-0"}
fpga -file /home/go/Desktop/ZyboZ7_10_Renderer/workspace_vitis/renderer/_ide/bitstream/main_wrapper.bit
targets -set -nocase -filter {name =~"APU*"}
loadhw -hw /home/go/Desktop/ZyboZ7_10_Renderer/workspace_vitis/main_wrapper/export/main_wrapper/hw/main_wrapper.xsa -mem-ranges [list {0x40000000 0xbfffffff}] -regs
configparams force-mem-access 1
targets -set -nocase -filter {name =~"APU*"}
source /home/go/Desktop/ZyboZ7_10_Renderer/workspace_vitis/renderer/_ide/psinit/ps7_init.tcl
ps7_init
ps7_post_config
targets -set -nocase -filter {name =~ "*A9*#0"}
dow /home/go/Desktop/ZyboZ7_10_Renderer/workspace_vitis/renderer/Debug/renderer.elf
configparams force-mem-access 0
----------------End of Script----------------

04:23:53 INFO  : Context for processor 'ps7_cortexa9_0' is selected.
04:23:53 INFO  : 'con' command is executed.
04:23:53 INFO  : ----------------XSDB Script (After Launch)----------------
targets -set -nocase -filter {name =~ "*A9*#0"}
con
----------------End of Script----------------

04:23:53 INFO  : Launch script is exported to file '/home/go/Desktop/ZyboZ7_10_Renderer/workspace_vitis/renderer_system/_ide/scripts/debugger_renderer-default.tcl'
04:23:54 INFO  : Checking for BSP changes to sync application flags for project 'renderer'...
04:23:59 INFO  : Disconnected from the channel tcfchan#12.
04:24:00 INFO  : Connected to target on host '127.0.0.1' and port '3121'.
04:24:00 INFO  : Jtag cable 'Digilent Zybo Z7 210351A818FFA' is selected.
04:24:00 INFO  : 'jtag frequency' command is executed.
04:24:02 INFO  : Context for 'APU' is selected.
04:24:02 INFO  : System reset is completed.
04:24:05 INFO  : 'after 3000' command is executed.
04:24:05 INFO  : 'targets -set -filter {jtag_cable_name =~ "Digilent Zybo Z7 210351A818FFA" && level==0 && jtag_device_ctx=="jsn-Zybo Z7-210351A818FFA-13722093-0"}' command is executed.
04:24:07 INFO  : Device configured successfully with "/home/go/Desktop/ZyboZ7_10_Renderer/workspace_vitis/renderer/_ide/bitstream/main_wrapper.bit"
04:24:07 INFO  : Context for 'APU' is selected.
04:24:07 INFO  : Hardware design and registers information is loaded from '/home/go/Desktop/ZyboZ7_10_Renderer/workspace_vitis/main_wrapper/export/main_wrapper/hw/main_wrapper.xsa'.
04:24:07 INFO  : 'configparams force-mem-access 1' command is executed.
04:24:07 INFO  : Context for 'APU' is selected.
04:24:07 INFO  : Sourcing of '/home/go/Desktop/ZyboZ7_10_Renderer/workspace_vitis/renderer/_ide/psinit/ps7_init.tcl' is done.
04:24:07 INFO  : 'ps7_init' command is executed.
04:24:07 INFO  : 'ps7_post_config' command is executed.
04:24:07 INFO  : Context for processor 'ps7_cortexa9_0' is selected.
04:24:07 INFO  : The application '/home/go/Desktop/ZyboZ7_10_Renderer/workspace_vitis/renderer/Debug/renderer.elf' is downloaded to processor 'ps7_cortexa9_0'.
04:24:07 INFO  : 'configparams force-mem-access 0' command is executed.
04:24:07 INFO  : ----------------XSDB Script----------------
connect -url tcp:127.0.0.1:3121
targets -set -nocase -filter {name =~"APU*"}
rst -system
after 3000
targets -set -filter {jtag_cable_name =~ "Digilent Zybo Z7 210351A818FFA" && level==0 && jtag_device_ctx=="jsn-Zybo Z7-210351A818FFA-13722093-0"}
fpga -file /home/go/Desktop/ZyboZ7_10_Renderer/workspace_vitis/renderer/_ide/bitstream/main_wrapper.bit
targets -set -nocase -filter {name =~"APU*"}
loadhw -hw /home/go/Desktop/ZyboZ7_10_Renderer/workspace_vitis/main_wrapper/export/main_wrapper/hw/main_wrapper.xsa -mem-ranges [list {0x40000000 0xbfffffff}] -regs
configparams force-mem-access 1
targets -set -nocase -filter {name =~"APU*"}
source /home/go/Desktop/ZyboZ7_10_Renderer/workspace_vitis/renderer/_ide/psinit/ps7_init.tcl
ps7_init
ps7_post_config
targets -set -nocase -filter {name =~ "*A9*#0"}
dow /home/go/Desktop/ZyboZ7_10_Renderer/workspace_vitis/renderer/Debug/renderer.elf
configparams force-mem-access 0
----------------End of Script----------------

04:24:07 INFO  : Context for processor 'ps7_cortexa9_0' is selected.
04:24:07 INFO  : 'con' command is executed.
04:24:07 INFO  : ----------------XSDB Script (After Launch)----------------
targets -set -nocase -filter {name =~ "*A9*#0"}
con
----------------End of Script----------------

04:24:07 INFO  : Launch script is exported to file '/home/go/Desktop/ZyboZ7_10_Renderer/workspace_vitis/renderer_system/_ide/scripts/debugger_renderer-default.tcl'
04:25:35 INFO  : Checking for BSP changes to sync application flags for project 'renderer'...
04:25:43 INFO  : Disconnected from the channel tcfchan#13.
04:25:44 INFO  : Connected to target on host '127.0.0.1' and port '3121'.
04:25:44 INFO  : Jtag cable 'Digilent Zybo Z7 210351A818FFA' is selected.
04:25:44 INFO  : 'jtag frequency' command is executed.
04:25:46 INFO  : Context for 'APU' is selected.
04:25:46 INFO  : System reset is completed.
04:25:49 INFO  : 'after 3000' command is executed.
04:25:49 INFO  : 'targets -set -filter {jtag_cable_name =~ "Digilent Zybo Z7 210351A818FFA" && level==0 && jtag_device_ctx=="jsn-Zybo Z7-210351A818FFA-13722093-0"}' command is executed.
04:25:51 INFO  : Device configured successfully with "/home/go/Desktop/ZyboZ7_10_Renderer/workspace_vitis/renderer/_ide/bitstream/main_wrapper.bit"
04:25:51 INFO  : Context for 'APU' is selected.
04:25:51 INFO  : Hardware design and registers information is loaded from '/home/go/Desktop/ZyboZ7_10_Renderer/workspace_vitis/main_wrapper/export/main_wrapper/hw/main_wrapper.xsa'.
04:25:51 INFO  : 'configparams force-mem-access 1' command is executed.
04:25:51 INFO  : Context for 'APU' is selected.
04:25:51 INFO  : Sourcing of '/home/go/Desktop/ZyboZ7_10_Renderer/workspace_vitis/renderer/_ide/psinit/ps7_init.tcl' is done.
04:25:51 INFO  : 'ps7_init' command is executed.
04:25:51 INFO  : 'ps7_post_config' command is executed.
04:25:51 INFO  : Context for processor 'ps7_cortexa9_0' is selected.
04:25:51 INFO  : The application '/home/go/Desktop/ZyboZ7_10_Renderer/workspace_vitis/renderer/Debug/renderer.elf' is downloaded to processor 'ps7_cortexa9_0'.
04:25:51 INFO  : 'configparams force-mem-access 0' command is executed.
04:25:51 INFO  : ----------------XSDB Script----------------
connect -url tcp:127.0.0.1:3121
targets -set -nocase -filter {name =~"APU*"}
rst -system
after 3000
targets -set -filter {jtag_cable_name =~ "Digilent Zybo Z7 210351A818FFA" && level==0 && jtag_device_ctx=="jsn-Zybo Z7-210351A818FFA-13722093-0"}
fpga -file /home/go/Desktop/ZyboZ7_10_Renderer/workspace_vitis/renderer/_ide/bitstream/main_wrapper.bit
targets -set -nocase -filter {name =~"APU*"}
loadhw -hw /home/go/Desktop/ZyboZ7_10_Renderer/workspace_vitis/main_wrapper/export/main_wrapper/hw/main_wrapper.xsa -mem-ranges [list {0x40000000 0xbfffffff}] -regs
configparams force-mem-access 1
targets -set -nocase -filter {name =~"APU*"}
source /home/go/Desktop/ZyboZ7_10_Renderer/workspace_vitis/renderer/_ide/psinit/ps7_init.tcl
ps7_init
ps7_post_config
targets -set -nocase -filter {name =~ "*A9*#0"}
dow /home/go/Desktop/ZyboZ7_10_Renderer/workspace_vitis/renderer/Debug/renderer.elf
configparams force-mem-access 0
----------------End of Script----------------

04:25:51 INFO  : Context for processor 'ps7_cortexa9_0' is selected.
04:25:51 INFO  : 'con' command is executed.
04:25:51 INFO  : ----------------XSDB Script (After Launch)----------------
targets -set -nocase -filter {name =~ "*A9*#0"}
con
----------------End of Script----------------

04:25:51 INFO  : Launch script is exported to file '/home/go/Desktop/ZyboZ7_10_Renderer/workspace_vitis/renderer_system/_ide/scripts/debugger_renderer-default.tcl'
04:28:25 INFO  : Checking for BSP changes to sync application flags for project 'renderer'...
04:28:31 INFO  : Disconnected from the channel tcfchan#14.
04:28:32 INFO  : Connected to target on host '127.0.0.1' and port '3121'.
04:28:32 INFO  : Jtag cable 'Digilent Zybo Z7 210351A818FFA' is selected.
04:28:32 INFO  : 'jtag frequency' command is executed.
04:28:33 INFO  : Context for 'APU' is selected.
04:28:33 INFO  : System reset is completed.
04:28:36 INFO  : 'after 3000' command is executed.
04:28:36 INFO  : 'targets -set -filter {jtag_cable_name =~ "Digilent Zybo Z7 210351A818FFA" && level==0 && jtag_device_ctx=="jsn-Zybo Z7-210351A818FFA-13722093-0"}' command is executed.
04:28:37 INFO  : Device configured successfully with "/home/go/Desktop/ZyboZ7_10_Renderer/workspace_vitis/renderer/_ide/bitstream/main_wrapper.bit"
04:28:37 INFO  : Context for 'APU' is selected.
04:28:37 INFO  : Hardware design and registers information is loaded from '/home/go/Desktop/ZyboZ7_10_Renderer/workspace_vitis/main_wrapper/export/main_wrapper/hw/main_wrapper.xsa'.
04:28:37 INFO  : 'configparams force-mem-access 1' command is executed.
04:28:37 INFO  : Context for 'APU' is selected.
04:28:37 INFO  : Sourcing of '/home/go/Desktop/ZyboZ7_10_Renderer/workspace_vitis/renderer/_ide/psinit/ps7_init.tcl' is done.
04:28:38 INFO  : 'ps7_init' command is executed.
04:28:38 INFO  : 'ps7_post_config' command is executed.
04:28:38 INFO  : Context for processor 'ps7_cortexa9_0' is selected.
04:28:38 INFO  : The application '/home/go/Desktop/ZyboZ7_10_Renderer/workspace_vitis/renderer/Debug/renderer.elf' is downloaded to processor 'ps7_cortexa9_0'.
04:28:38 INFO  : 'configparams force-mem-access 0' command is executed.
04:28:38 INFO  : ----------------XSDB Script----------------
connect -url tcp:127.0.0.1:3121
targets -set -nocase -filter {name =~"APU*"}
rst -system
after 3000
targets -set -filter {jtag_cable_name =~ "Digilent Zybo Z7 210351A818FFA" && level==0 && jtag_device_ctx=="jsn-Zybo Z7-210351A818FFA-13722093-0"}
fpga -file /home/go/Desktop/ZyboZ7_10_Renderer/workspace_vitis/renderer/_ide/bitstream/main_wrapper.bit
targets -set -nocase -filter {name =~"APU*"}
loadhw -hw /home/go/Desktop/ZyboZ7_10_Renderer/workspace_vitis/main_wrapper/export/main_wrapper/hw/main_wrapper.xsa -mem-ranges [list {0x40000000 0xbfffffff}] -regs
configparams force-mem-access 1
targets -set -nocase -filter {name =~"APU*"}
source /home/go/Desktop/ZyboZ7_10_Renderer/workspace_vitis/renderer/_ide/psinit/ps7_init.tcl
ps7_init
ps7_post_config
targets -set -nocase -filter {name =~ "*A9*#0"}
dow /home/go/Desktop/ZyboZ7_10_Renderer/workspace_vitis/renderer/Debug/renderer.elf
configparams force-mem-access 0
----------------End of Script----------------

04:28:38 INFO  : Context for processor 'ps7_cortexa9_0' is selected.
04:28:38 INFO  : 'con' command is executed.
04:28:38 INFO  : ----------------XSDB Script (After Launch)----------------
targets -set -nocase -filter {name =~ "*A9*#0"}
con
----------------End of Script----------------

04:28:38 INFO  : Launch script is exported to file '/home/go/Desktop/ZyboZ7_10_Renderer/workspace_vitis/renderer_system/_ide/scripts/debugger_renderer-default.tcl'
04:30:45 INFO  : Checking for BSP changes to sync application flags for project 'renderer'...
04:30:50 INFO  : Disconnected from the channel tcfchan#15.
04:30:51 INFO  : Connected to target on host '127.0.0.1' and port '3121'.
04:30:51 INFO  : Jtag cable 'Digilent Zybo Z7 210351A818FFA' is selected.
04:30:51 INFO  : 'jtag frequency' command is executed.
04:30:53 INFO  : Context for 'APU' is selected.
04:30:54 INFO  : System reset is completed.
04:30:57 INFO  : 'after 3000' command is executed.
04:30:57 INFO  : 'targets -set -filter {jtag_cable_name =~ "Digilent Zybo Z7 210351A818FFA" && level==0 && jtag_device_ctx=="jsn-Zybo Z7-210351A818FFA-13722093-0"}' command is executed.
04:30:58 INFO  : Device configured successfully with "/home/go/Desktop/ZyboZ7_10_Renderer/workspace_vitis/renderer/_ide/bitstream/main_wrapper.bit"
04:30:58 INFO  : Context for 'APU' is selected.
04:30:58 INFO  : Hardware design and registers information is loaded from '/home/go/Desktop/ZyboZ7_10_Renderer/workspace_vitis/main_wrapper/export/main_wrapper/hw/main_wrapper.xsa'.
04:30:58 INFO  : 'configparams force-mem-access 1' command is executed.
04:30:58 INFO  : Context for 'APU' is selected.
04:30:58 INFO  : Sourcing of '/home/go/Desktop/ZyboZ7_10_Renderer/workspace_vitis/renderer/_ide/psinit/ps7_init.tcl' is done.
04:30:58 INFO  : 'ps7_init' command is executed.
04:30:58 INFO  : 'ps7_post_config' command is executed.
04:30:58 INFO  : Context for processor 'ps7_cortexa9_0' is selected.
04:30:58 INFO  : The application '/home/go/Desktop/ZyboZ7_10_Renderer/workspace_vitis/renderer/Debug/renderer.elf' is downloaded to processor 'ps7_cortexa9_0'.
04:30:58 INFO  : 'configparams force-mem-access 0' command is executed.
04:30:58 INFO  : ----------------XSDB Script----------------
connect -url tcp:127.0.0.1:3121
targets -set -nocase -filter {name =~"APU*"}
rst -system
after 3000
targets -set -filter {jtag_cable_name =~ "Digilent Zybo Z7 210351A818FFA" && level==0 && jtag_device_ctx=="jsn-Zybo Z7-210351A818FFA-13722093-0"}
fpga -file /home/go/Desktop/ZyboZ7_10_Renderer/workspace_vitis/renderer/_ide/bitstream/main_wrapper.bit
targets -set -nocase -filter {name =~"APU*"}
loadhw -hw /home/go/Desktop/ZyboZ7_10_Renderer/workspace_vitis/main_wrapper/export/main_wrapper/hw/main_wrapper.xsa -mem-ranges [list {0x40000000 0xbfffffff}] -regs
configparams force-mem-access 1
targets -set -nocase -filter {name =~"APU*"}
source /home/go/Desktop/ZyboZ7_10_Renderer/workspace_vitis/renderer/_ide/psinit/ps7_init.tcl
ps7_init
ps7_post_config
targets -set -nocase -filter {name =~ "*A9*#0"}
dow /home/go/Desktop/ZyboZ7_10_Renderer/workspace_vitis/renderer/Debug/renderer.elf
configparams force-mem-access 0
----------------End of Script----------------

04:30:58 INFO  : Context for processor 'ps7_cortexa9_0' is selected.
04:30:58 INFO  : 'con' command is executed.
04:30:58 INFO  : ----------------XSDB Script (After Launch)----------------
targets -set -nocase -filter {name =~ "*A9*#0"}
con
----------------End of Script----------------

04:30:58 INFO  : Launch script is exported to file '/home/go/Desktop/ZyboZ7_10_Renderer/workspace_vitis/renderer_system/_ide/scripts/debugger_renderer-default.tcl'
04:31:49 INFO  : Checking for BSP changes to sync application flags for project 'renderer'...
04:31:52 INFO  : Disconnected from the channel tcfchan#16.
04:31:53 INFO  : Connected to target on host '127.0.0.1' and port '3121'.
04:31:53 INFO  : Jtag cable 'Digilent Zybo Z7 210351A818FFA' is selected.
04:31:53 INFO  : 'jtag frequency' command is executed.
04:31:53 INFO  : Context for 'APU' is selected.
04:31:54 INFO  : System reset is completed.
04:31:57 INFO  : 'after 3000' command is executed.
04:31:57 INFO  : 'targets -set -filter {jtag_cable_name =~ "Digilent Zybo Z7 210351A818FFA" && level==0 && jtag_device_ctx=="jsn-Zybo Z7-210351A818FFA-13722093-0"}' command is executed.
04:31:58 INFO  : Device configured successfully with "/home/go/Desktop/ZyboZ7_10_Renderer/workspace_vitis/renderer/_ide/bitstream/main_wrapper.bit"
04:31:58 INFO  : Context for 'APU' is selected.
04:31:58 INFO  : Hardware design and registers information is loaded from '/home/go/Desktop/ZyboZ7_10_Renderer/workspace_vitis/main_wrapper/export/main_wrapper/hw/main_wrapper.xsa'.
04:31:58 INFO  : 'configparams force-mem-access 1' command is executed.
04:31:58 INFO  : Context for 'APU' is selected.
04:31:58 INFO  : Sourcing of '/home/go/Desktop/ZyboZ7_10_Renderer/workspace_vitis/renderer/_ide/psinit/ps7_init.tcl' is done.
04:31:58 INFO  : 'ps7_init' command is executed.
04:31:58 INFO  : 'ps7_post_config' command is executed.
04:31:58 INFO  : Context for processor 'ps7_cortexa9_0' is selected.
04:31:58 INFO  : The application '/home/go/Desktop/ZyboZ7_10_Renderer/workspace_vitis/renderer/Debug/renderer.elf' is downloaded to processor 'ps7_cortexa9_0'.
04:31:58 INFO  : 'configparams force-mem-access 0' command is executed.
04:31:58 INFO  : ----------------XSDB Script----------------
connect -url tcp:127.0.0.1:3121
targets -set -nocase -filter {name =~"APU*"}
rst -system
after 3000
targets -set -filter {jtag_cable_name =~ "Digilent Zybo Z7 210351A818FFA" && level==0 && jtag_device_ctx=="jsn-Zybo Z7-210351A818FFA-13722093-0"}
fpga -file /home/go/Desktop/ZyboZ7_10_Renderer/workspace_vitis/renderer/_ide/bitstream/main_wrapper.bit
targets -set -nocase -filter {name =~"APU*"}
loadhw -hw /home/go/Desktop/ZyboZ7_10_Renderer/workspace_vitis/main_wrapper/export/main_wrapper/hw/main_wrapper.xsa -mem-ranges [list {0x40000000 0xbfffffff}] -regs
configparams force-mem-access 1
targets -set -nocase -filter {name =~"APU*"}
source /home/go/Desktop/ZyboZ7_10_Renderer/workspace_vitis/renderer/_ide/psinit/ps7_init.tcl
ps7_init
ps7_post_config
targets -set -nocase -filter {name =~ "*A9*#0"}
dow /home/go/Desktop/ZyboZ7_10_Renderer/workspace_vitis/renderer/Debug/renderer.elf
configparams force-mem-access 0
----------------End of Script----------------

04:31:58 INFO  : Context for processor 'ps7_cortexa9_0' is selected.
04:31:58 INFO  : 'con' command is executed.
04:31:58 INFO  : ----------------XSDB Script (After Launch)----------------
targets -set -nocase -filter {name =~ "*A9*#0"}
con
----------------End of Script----------------

04:31:58 INFO  : Launch script is exported to file '/home/go/Desktop/ZyboZ7_10_Renderer/workspace_vitis/renderer_system/_ide/scripts/debugger_renderer-default.tcl'
