
*** Running vivado
    with args -log main_axi_mem_intercon_imp_xbar_0.vds -m64 -product Vivado -mode batch -messageDb vivado.pb -notrace -source main_axi_mem_intercon_imp_xbar_0.tcl


****** Vivado v2024.2 (64-bit)
  **** SW Build 5239630 on Fri Nov 08 22:34:34 MST 2024
  **** IP Build 5239520 on Sun Nov 10 16:12:51 MST 2024
  **** SharedData Build 5239561 on Fri Nov 08 14:39:27 MST 2024
  **** Start of session at: Tue Jul  8 20:51:25 2025
    ** Copyright 1986-2022 Xilinx, Inc. All Rights Reserved.
    ** Copyright 2022-2024 Advanced Micro Devices, Inc. All Rights Reserved.

source main_axi_mem_intercon_imp_xbar_0.tcl -notrace
INFO: [IP_Flow 19-234] Refreshing IP repositories
INFO: [IP_Flow 19-1700] Loaded user IP repository '/home/go/Desktop/ZyboZ7_10_Renderer/my_resorces/zybo_z7_hdmi_repo'.
INFO: [IP_Flow 19-2313] Loaded Vivado IP repository '/tools/Xilinx/Vivado/2024.2/data/ip'.
INFO: [IP_Flow 19-6924] IPCACHE: Running cache check for IP inst: main_axi_mem_intercon_imp_xbar_0
Command: synth_design -top main_axi_mem_intercon_imp_xbar_0 -part xc7z010clg400-1 -incremental_mode off -mode out_of_context
Starting synth_design
Attempting to get a license for feature 'Synthesis' and/or device 'xc7z010'
INFO: [Common 17-349] Got license for feature 'Synthesis' and/or device 'xc7z010'
INFO: [Device 21-403] Loading part xc7z010clg400-1
INFO: [Synth 8-7079] Multithreading enabled for synth_design using a maximum of 7 processes.
INFO: [Synth 8-7078] Launching helper process for spawning children vivado processes
INFO: [Synth 8-7075] Helper process launched with PID 33026
---------------------------------------------------------------------------------
Starting RTL Elaboration : Time (s): cpu = 00:00:06 ; elapsed = 00:00:12 . Memory (MB): peak = 1943.664 ; gain = 418.828 ; free physical = 187 ; free virtual = 9342
---------------------------------------------------------------------------------
WARNING: [Synth 8-10507] attribute 'X_INTERFACE_MODE' is already specified; last one will take precedence [/home/go/Desktop/ZyboZ7_10_Renderer/workspace_vivado/workspace_vivado.gen/sources_1/bd/main/ip/main_axi_mem_intercon_imp_xbar_0/synth/main_axi_mem_intercon_imp_xbar_0.v:152]
WARNING: [Synth 8-10507] attribute 'X_INTERFACE_PARAMETER' is already specified; last one will take precedence [/home/go/Desktop/ZyboZ7_10_Renderer/workspace_vivado/workspace_vivado.gen/sources_1/bd/main/ip/main_axi_mem_intercon_imp_xbar_0/synth/main_axi_mem_intercon_imp_xbar_0.v:154]
INFO: [Synth 8-6157] synthesizing module 'main_axi_mem_intercon_imp_xbar_0' [/home/go/Desktop/ZyboZ7_10_Renderer/workspace_vivado/workspace_vivado.gen/sources_1/bd/main/ip/main_axi_mem_intercon_imp_xbar_0/synth/main_axi_mem_intercon_imp_xbar_0.v:53]
INFO: [Synth 8-6157] synthesizing module 'axi_crossbar_v2_1_34_axi_crossbar' [/home/go/Desktop/ZyboZ7_10_Renderer/workspace_vivado/workspace_vivado.gen/sources_1/bd/main/ipshared/a7e3/hdl/axi_crossbar_v2_1_vl_rfs.v:4871]
INFO: [Synth 8-6157] synthesizing module 'axi_crossbar_v2_1_34_crossbar' [/home/go/Desktop/ZyboZ7_10_Renderer/workspace_vivado/workspace_vivado.gen/sources_1/bd/main/ipshared/a7e3/hdl/axi_crossbar_v2_1_vl_rfs.v:2232]
INFO: [Synth 8-6157] synthesizing module 'axi_crossbar_v2_1_34_si_transactor' [/home/go/Desktop/ZyboZ7_10_Renderer/workspace_vivado/workspace_vivado.gen/sources_1/bd/main/ipshared/a7e3/hdl/axi_crossbar_v2_1_vl_rfs.v:3791]
INFO: [Synth 8-6157] synthesizing module 'axi_crossbar_v2_1_34_addr_decoder' [/home/go/Desktop/ZyboZ7_10_Renderer/workspace_vivado/workspace_vivado.gen/sources_1/bd/main/ipshared/a7e3/hdl/axi_crossbar_v2_1_vl_rfs.v:790]
INFO: [Synth 8-6157] synthesizing module 'generic_baseblocks_v2_1_2_comparator_static' [/home/go/Desktop/ZyboZ7_10_Renderer/workspace_vivado/workspace_vivado.gen/sources_1/bd/main/ipshared/0c28/hdl/generic_baseblocks_v2_1_vl_rfs.v:2119]
INFO: [Synth 8-6157] synthesizing module 'generic_baseblocks_v2_1_2_carry_and' [/home/go/Desktop/ZyboZ7_10_Renderer/workspace_vivado/workspace_vivado.gen/sources_1/bd/main/ipshared/0c28/hdl/generic_baseblocks_v2_1_vl_rfs.v:60]
INFO: [Synth 8-6155] done synthesizing module 'generic_baseblocks_v2_1_2_carry_and' (0#1) [/home/go/Desktop/ZyboZ7_10_Renderer/workspace_vivado/workspace_vivado.gen/sources_1/bd/main/ipshared/0c28/hdl/generic_baseblocks_v2_1_vl_rfs.v:60]
INFO: [Synth 8-6155] done synthesizing module 'generic_baseblocks_v2_1_2_comparator_static' (0#1) [/home/go/Desktop/ZyboZ7_10_Renderer/workspace_vivado/workspace_vivado.gen/sources_1/bd/main/ipshared/0c28/hdl/generic_baseblocks_v2_1_vl_rfs.v:2119]
INFO: [Synth 8-6155] done synthesizing module 'axi_crossbar_v2_1_34_addr_decoder' (0#1) [/home/go/Desktop/ZyboZ7_10_Renderer/workspace_vivado/workspace_vivado.gen/sources_1/bd/main/ipshared/a7e3/hdl/axi_crossbar_v2_1_vl_rfs.v:790]
INFO: [Synth 8-6157] synthesizing module 'axi_data_fifo_v2_1_32_axic_srl_fifo' [/home/go/Desktop/ZyboZ7_10_Renderer/workspace_vivado/workspace_vivado.gen/sources_1/bd/main/ipshared/65ce/hdl/axi_data_fifo_v2_1_vl_rfs.v:694]
INFO: [Synth 8-6157] synthesizing module 'axi_data_fifo_v2_1_32_ndeep_srl' [/home/go/Desktop/ZyboZ7_10_Renderer/workspace_vivado/workspace_vivado.gen/sources_1/bd/main/ipshared/65ce/hdl/axi_data_fifo_v2_1_vl_rfs.v:1129]
INFO: [Synth 8-6157] synthesizing module 'SRLC32E' [/tools/Xilinx/Vivado/2024.2/scripts/rt/data/unisim_comp.v:149195]
INFO: [Synth 8-6155] done synthesizing module 'SRLC32E' (0#1) [/tools/Xilinx/Vivado/2024.2/scripts/rt/data/unisim_comp.v:149195]
INFO: [Synth 8-6155] done synthesizing module 'axi_data_fifo_v2_1_32_ndeep_srl' (0#1) [/home/go/Desktop/ZyboZ7_10_Renderer/workspace_vivado/workspace_vivado.gen/sources_1/bd/main/ipshared/65ce/hdl/axi_data_fifo_v2_1_vl_rfs.v:1129]
INFO: [Synth 8-6155] done synthesizing module 'axi_data_fifo_v2_1_32_axic_srl_fifo' (0#1) [/home/go/Desktop/ZyboZ7_10_Renderer/workspace_vivado/workspace_vivado.gen/sources_1/bd/main/ipshared/65ce/hdl/axi_data_fifo_v2_1_vl_rfs.v:694]
INFO: [Synth 8-6157] synthesizing module 'generic_baseblocks_v2_1_2_mux_enc' [/home/go/Desktop/ZyboZ7_10_Renderer/workspace_vivado/workspace_vivado.gen/sources_1/bd/main/ipshared/0c28/hdl/generic_baseblocks_v2_1_vl_rfs.v:2436]
INFO: [Synth 8-6155] done synthesizing module 'generic_baseblocks_v2_1_2_mux_enc' (0#1) [/home/go/Desktop/ZyboZ7_10_Renderer/workspace_vivado/workspace_vivado.gen/sources_1/bd/main/ipshared/0c28/hdl/generic_baseblocks_v2_1_vl_rfs.v:2436]
INFO: [Synth 8-6155] done synthesizing module 'axi_crossbar_v2_1_34_si_transactor' (0#1) [/home/go/Desktop/ZyboZ7_10_Renderer/workspace_vivado/workspace_vivado.gen/sources_1/bd/main/ipshared/a7e3/hdl/axi_crossbar_v2_1_vl_rfs.v:3791]
INFO: [Synth 8-6157] synthesizing module 'axi_crossbar_v2_1_34_splitter' [/home/go/Desktop/ZyboZ7_10_Renderer/workspace_vivado/workspace_vivado.gen/sources_1/bd/main/ipshared/a7e3/hdl/axi_crossbar_v2_1_vl_rfs.v:4451]
INFO: [Synth 8-6155] done synthesizing module 'axi_crossbar_v2_1_34_splitter' (0#1) [/home/go/Desktop/ZyboZ7_10_Renderer/workspace_vivado/workspace_vivado.gen/sources_1/bd/main/ipshared/a7e3/hdl/axi_crossbar_v2_1_vl_rfs.v:4451]
INFO: [Synth 8-6157] synthesizing module 'axi_crossbar_v2_1_34_wdata_router' [/home/go/Desktop/ZyboZ7_10_Renderer/workspace_vivado/workspace_vivado.gen/sources_1/bd/main/ipshared/a7e3/hdl/axi_crossbar_v2_1_vl_rfs.v:4724]
INFO: [Synth 8-6157] synthesizing module 'axi_data_fifo_v2_1_32_axic_reg_srl_fifo' [/home/go/Desktop/ZyboZ7_10_Renderer/workspace_vivado/workspace_vivado.gen/sources_1/bd/main/ipshared/65ce/hdl/axi_data_fifo_v2_1_vl_rfs.v:884]
INFO: [Synth 8-6157] synthesizing module 'axi_data_fifo_v2_1_32_ndeep_srl__parameterized0' [/home/go/Desktop/ZyboZ7_10_Renderer/workspace_vivado/workspace_vivado.gen/sources_1/bd/main/ipshared/65ce/hdl/axi_data_fifo_v2_1_vl_rfs.v:1129]
INFO: [Synth 8-6155] done synthesizing module 'axi_data_fifo_v2_1_32_ndeep_srl__parameterized0' (0#1) [/home/go/Desktop/ZyboZ7_10_Renderer/workspace_vivado/workspace_vivado.gen/sources_1/bd/main/ipshared/65ce/hdl/axi_data_fifo_v2_1_vl_rfs.v:1129]
INFO: [Synth 8-155] case statement is not full and has no default [/home/go/Desktop/ZyboZ7_10_Renderer/workspace_vivado/workspace_vivado.gen/sources_1/bd/main/ipshared/65ce/hdl/axi_data_fifo_v2_1_vl_rfs.v:982]
INFO: [Synth 8-6155] done synthesizing module 'axi_data_fifo_v2_1_32_axic_reg_srl_fifo' (0#1) [/home/go/Desktop/ZyboZ7_10_Renderer/workspace_vivado/workspace_vivado.gen/sources_1/bd/main/ipshared/65ce/hdl/axi_data_fifo_v2_1_vl_rfs.v:884]
INFO: [Synth 8-6155] done synthesizing module 'axi_crossbar_v2_1_34_wdata_router' (0#1) [/home/go/Desktop/ZyboZ7_10_Renderer/workspace_vivado/workspace_vivado.gen/sources_1/bd/main/ipshared/a7e3/hdl/axi_crossbar_v2_1_vl_rfs.v:4724]
INFO: [Synth 8-6157] synthesizing module 'axi_crossbar_v2_1_34_si_transactor__parameterized0' [/home/go/Desktop/ZyboZ7_10_Renderer/workspace_vivado/workspace_vivado.gen/sources_1/bd/main/ipshared/a7e3/hdl/axi_crossbar_v2_1_vl_rfs.v:3791]
INFO: [Synth 8-6157] synthesizing module 'generic_baseblocks_v2_1_2_mux_enc__parameterized0' [/home/go/Desktop/ZyboZ7_10_Renderer/workspace_vivado/workspace_vivado.gen/sources_1/bd/main/ipshared/0c28/hdl/generic_baseblocks_v2_1_vl_rfs.v:2436]
INFO: [Synth 8-6155] done synthesizing module 'generic_baseblocks_v2_1_2_mux_enc__parameterized0' (0#1) [/home/go/Desktop/ZyboZ7_10_Renderer/workspace_vivado/workspace_vivado.gen/sources_1/bd/main/ipshared/0c28/hdl/generic_baseblocks_v2_1_vl_rfs.v:2436]
INFO: [Synth 8-6155] done synthesizing module 'axi_crossbar_v2_1_34_si_transactor__parameterized0' (0#1) [/home/go/Desktop/ZyboZ7_10_Renderer/workspace_vivado/workspace_vivado.gen/sources_1/bd/main/ipshared/a7e3/hdl/axi_crossbar_v2_1_vl_rfs.v:3791]
INFO: [Synth 8-6157] synthesizing module 'axi_crossbar_v2_1_34_addr_decoder__parameterized0' [/home/go/Desktop/ZyboZ7_10_Renderer/workspace_vivado/workspace_vivado.gen/sources_1/bd/main/ipshared/a7e3/hdl/axi_crossbar_v2_1_vl_rfs.v:790]
INFO: [Synth 8-6155] done synthesizing module 'axi_crossbar_v2_1_34_addr_decoder__parameterized0' (0#1) [/home/go/Desktop/ZyboZ7_10_Renderer/workspace_vivado/workspace_vivado.gen/sources_1/bd/main/ipshared/a7e3/hdl/axi_crossbar_v2_1_vl_rfs.v:790]
INFO: [Synth 8-6157] synthesizing module 'axi_crossbar_v2_1_34_addr_decoder__parameterized1' [/home/go/Desktop/ZyboZ7_10_Renderer/workspace_vivado/workspace_vivado.gen/sources_1/bd/main/ipshared/a7e3/hdl/axi_crossbar_v2_1_vl_rfs.v:790]
INFO: [Synth 8-6155] done synthesizing module 'axi_crossbar_v2_1_34_addr_decoder__parameterized1' (0#1) [/home/go/Desktop/ZyboZ7_10_Renderer/workspace_vivado/workspace_vivado.gen/sources_1/bd/main/ipshared/a7e3/hdl/axi_crossbar_v2_1_vl_rfs.v:790]
INFO: [Synth 8-6157] synthesizing module 'axi_data_fifo_v2_1_32_axic_srl_fifo__parameterized0' [/home/go/Desktop/ZyboZ7_10_Renderer/workspace_vivado/workspace_vivado.gen/sources_1/bd/main/ipshared/65ce/hdl/axi_data_fifo_v2_1_vl_rfs.v:694]
INFO: [Synth 8-6157] synthesizing module 'axi_data_fifo_v2_1_32_ndeep_srl__parameterized1' [/home/go/Desktop/ZyboZ7_10_Renderer/workspace_vivado/workspace_vivado.gen/sources_1/bd/main/ipshared/65ce/hdl/axi_data_fifo_v2_1_vl_rfs.v:1129]
INFO: [Synth 8-6155] done synthesizing module 'axi_data_fifo_v2_1_32_ndeep_srl__parameterized1' (0#1) [/home/go/Desktop/ZyboZ7_10_Renderer/workspace_vivado/workspace_vivado.gen/sources_1/bd/main/ipshared/65ce/hdl/axi_data_fifo_v2_1_vl_rfs.v:1129]
INFO: [Synth 8-6155] done synthesizing module 'axi_data_fifo_v2_1_32_axic_srl_fifo__parameterized0' (0#1) [/home/go/Desktop/ZyboZ7_10_Renderer/workspace_vivado/workspace_vivado.gen/sources_1/bd/main/ipshared/65ce/hdl/axi_data_fifo_v2_1_vl_rfs.v:694]
INFO: [Synth 8-6157] synthesizing module 'axi_crossbar_v2_1_34_wdata_mux' [/home/go/Desktop/ZyboZ7_10_Renderer/workspace_vivado/workspace_vivado.gen/sources_1/bd/main/ipshared/a7e3/hdl/axi_crossbar_v2_1_vl_rfs.v:4550]
INFO: [Synth 8-6157] synthesizing module 'axi_data_fifo_v2_1_32_axic_reg_srl_fifo__parameterized0' [/home/go/Desktop/ZyboZ7_10_Renderer/workspace_vivado/workspace_vivado.gen/sources_1/bd/main/ipshared/65ce/hdl/axi_data_fifo_v2_1_vl_rfs.v:884]
INFO: [Synth 8-155] case statement is not full and has no default [/home/go/Desktop/ZyboZ7_10_Renderer/workspace_vivado/workspace_vivado.gen/sources_1/bd/main/ipshared/65ce/hdl/axi_data_fifo_v2_1_vl_rfs.v:982]
INFO: [Synth 8-6155] done synthesizing module 'axi_data_fifo_v2_1_32_axic_reg_srl_fifo__parameterized0' (0#1) [/home/go/Desktop/ZyboZ7_10_Renderer/workspace_vivado/workspace_vivado.gen/sources_1/bd/main/ipshared/65ce/hdl/axi_data_fifo_v2_1_vl_rfs.v:884]
INFO: [Synth 8-6157] synthesizing module 'generic_baseblocks_v2_1_2_mux_enc__parameterized1' [/home/go/Desktop/ZyboZ7_10_Renderer/workspace_vivado/workspace_vivado.gen/sources_1/bd/main/ipshared/0c28/hdl/generic_baseblocks_v2_1_vl_rfs.v:2436]
INFO: [Synth 8-6155] done synthesizing module 'generic_baseblocks_v2_1_2_mux_enc__parameterized1' (0#1) [/home/go/Desktop/ZyboZ7_10_Renderer/workspace_vivado/workspace_vivado.gen/sources_1/bd/main/ipshared/0c28/hdl/generic_baseblocks_v2_1_vl_rfs.v:2436]
INFO: [Synth 8-6155] done synthesizing module 'axi_crossbar_v2_1_34_wdata_mux' (0#1) [/home/go/Desktop/ZyboZ7_10_Renderer/workspace_vivado/workspace_vivado.gen/sources_1/bd/main/ipshared/a7e3/hdl/axi_crossbar_v2_1_vl_rfs.v:4550]
INFO: [Synth 8-6157] synthesizing module 'axi_register_slice_v2_1_33_axi_register_slice' [/home/go/Desktop/ZyboZ7_10_Renderer/workspace_vivado/workspace_vivado.gen/sources_1/bd/main/ipshared/3ee4/hdl/axi_register_slice_v2_1_vl_rfs.v:3721]
INFO: [Synth 8-6157] synthesizing module 'axi_infrastructure_v1_1_0_axi2vector' [/home/go/Desktop/ZyboZ7_10_Renderer/workspace_vivado/workspace_vivado.gen/sources_1/bd/main/ipshared/ec67/hdl/axi_infrastructure_v1_1_vl_rfs.v:59]
INFO: [Synth 8-6155] done synthesizing module 'axi_infrastructure_v1_1_0_axi2vector' (0#1) [/home/go/Desktop/ZyboZ7_10_Renderer/workspace_vivado/workspace_vivado.gen/sources_1/bd/main/ipshared/ec67/hdl/axi_infrastructure_v1_1_vl_rfs.v:59]
INFO: [Synth 8-6157] synthesizing module 'axi_infrastructure_v1_1_0_vector2axi' [/home/go/Desktop/ZyboZ7_10_Renderer/workspace_vivado/workspace_vivado.gen/sources_1/bd/main/ipshared/ec67/hdl/axi_infrastructure_v1_1_vl_rfs.v:473]
INFO: [Synth 8-6155] done synthesizing module 'axi_infrastructure_v1_1_0_vector2axi' (0#1) [/home/go/Desktop/ZyboZ7_10_Renderer/workspace_vivado/workspace_vivado.gen/sources_1/bd/main/ipshared/ec67/hdl/axi_infrastructure_v1_1_vl_rfs.v:473]
INFO: [Synth 8-6157] synthesizing module 'axi_register_slice_v2_1_33_axic_register_slice' [/home/go/Desktop/ZyboZ7_10_Renderer/workspace_vivado/workspace_vivado.gen/sources_1/bd/main/ipshared/3ee4/hdl/axi_register_slice_v2_1_vl_rfs.v:1492]
INFO: [Synth 8-6155] done synthesizing module 'axi_register_slice_v2_1_33_axic_register_slice' (0#1) [/home/go/Desktop/ZyboZ7_10_Renderer/workspace_vivado/workspace_vivado.gen/sources_1/bd/main/ipshared/3ee4/hdl/axi_register_slice_v2_1_vl_rfs.v:1492]
INFO: [Synth 8-6157] synthesizing module 'axi_register_slice_v2_1_33_axic_register_slice__parameterized0' [/home/go/Desktop/ZyboZ7_10_Renderer/workspace_vivado/workspace_vivado.gen/sources_1/bd/main/ipshared/3ee4/hdl/axi_register_slice_v2_1_vl_rfs.v:1492]
INFO: [Synth 8-6155] done synthesizing module 'axi_register_slice_v2_1_33_axic_register_slice__parameterized0' (0#1) [/home/go/Desktop/ZyboZ7_10_Renderer/workspace_vivado/workspace_vivado.gen/sources_1/bd/main/ipshared/3ee4/hdl/axi_register_slice_v2_1_vl_rfs.v:1492]
INFO: [Synth 8-6157] synthesizing module 'axi_register_slice_v2_1_33_axic_register_slice__parameterized1' [/home/go/Desktop/ZyboZ7_10_Renderer/workspace_vivado/workspace_vivado.gen/sources_1/bd/main/ipshared/3ee4/hdl/axi_register_slice_v2_1_vl_rfs.v:1492]
INFO: [Synth 8-6155] done synthesizing module 'axi_register_slice_v2_1_33_axic_register_slice__parameterized1' (0#1) [/home/go/Desktop/ZyboZ7_10_Renderer/workspace_vivado/workspace_vivado.gen/sources_1/bd/main/ipshared/3ee4/hdl/axi_register_slice_v2_1_vl_rfs.v:1492]
INFO: [Synth 8-6157] synthesizing module 'axi_register_slice_v2_1_33_axic_register_slice__parameterized2' [/home/go/Desktop/ZyboZ7_10_Renderer/workspace_vivado/workspace_vivado.gen/sources_1/bd/main/ipshared/3ee4/hdl/axi_register_slice_v2_1_vl_rfs.v:1492]
INFO: [Synth 8-6155] done synthesizing module 'axi_register_slice_v2_1_33_axic_register_slice__parameterized2' (0#1) [/home/go/Desktop/ZyboZ7_10_Renderer/workspace_vivado/workspace_vivado.gen/sources_1/bd/main/ipshared/3ee4/hdl/axi_register_slice_v2_1_vl_rfs.v:1492]
INFO: [Synth 8-6155] done synthesizing module 'axi_register_slice_v2_1_33_axi_register_slice' (0#1) [/home/go/Desktop/ZyboZ7_10_Renderer/workspace_vivado/workspace_vivado.gen/sources_1/bd/main/ipshared/3ee4/hdl/axi_register_slice_v2_1_vl_rfs.v:3721]
WARNING: [Synth 8-7071] port 'aclk2x' of module 'axi_register_slice_v2_1_33_axi_register_slice' is unconnected for instance 'reg_slice_mi' [/home/go/Desktop/ZyboZ7_10_Renderer/workspace_vivado/workspace_vivado.gen/sources_1/bd/main/ipshared/a7e3/hdl/axi_crossbar_v2_1_vl_rfs.v:3116]
WARNING: [Synth 8-7023] instance 'reg_slice_mi' of module 'axi_register_slice_v2_1_33_axi_register_slice' has 93 connections declared, but only 92 given [/home/go/Desktop/ZyboZ7_10_Renderer/workspace_vivado/workspace_vivado.gen/sources_1/bd/main/ipshared/a7e3/hdl/axi_crossbar_v2_1_vl_rfs.v:3116]
INFO: [Synth 8-6157] synthesizing module 'axi_crossbar_v2_1_34_addr_decoder__parameterized2' [/home/go/Desktop/ZyboZ7_10_Renderer/workspace_vivado/workspace_vivado.gen/sources_1/bd/main/ipshared/a7e3/hdl/axi_crossbar_v2_1_vl_rfs.v:790]
INFO: [Synth 8-6155] done synthesizing module 'axi_crossbar_v2_1_34_addr_decoder__parameterized2' (0#1) [/home/go/Desktop/ZyboZ7_10_Renderer/workspace_vivado/workspace_vivado.gen/sources_1/bd/main/ipshared/a7e3/hdl/axi_crossbar_v2_1_vl_rfs.v:790]
INFO: [Synth 8-6157] synthesizing module 'axi_data_fifo_v2_1_32_axic_srl_fifo__parameterized1' [/home/go/Desktop/ZyboZ7_10_Renderer/workspace_vivado/workspace_vivado.gen/sources_1/bd/main/ipshared/65ce/hdl/axi_data_fifo_v2_1_vl_rfs.v:694]
INFO: [Synth 8-6157] synthesizing module 'axi_data_fifo_v2_1_32_ndeep_srl__parameterized2' [/home/go/Desktop/ZyboZ7_10_Renderer/workspace_vivado/workspace_vivado.gen/sources_1/bd/main/ipshared/65ce/hdl/axi_data_fifo_v2_1_vl_rfs.v:1129]
INFO: [Synth 8-6155] done synthesizing module 'axi_data_fifo_v2_1_32_ndeep_srl__parameterized2' (0#1) [/home/go/Desktop/ZyboZ7_10_Renderer/workspace_vivado/workspace_vivado.gen/sources_1/bd/main/ipshared/65ce/hdl/axi_data_fifo_v2_1_vl_rfs.v:1129]
INFO: [Synth 8-6155] done synthesizing module 'axi_data_fifo_v2_1_32_axic_srl_fifo__parameterized1' (0#1) [/home/go/Desktop/ZyboZ7_10_Renderer/workspace_vivado/workspace_vivado.gen/sources_1/bd/main/ipshared/65ce/hdl/axi_data_fifo_v2_1_vl_rfs.v:694]
INFO: [Synth 8-6157] synthesizing module 'axi_crossbar_v2_1_34_wdata_mux__parameterized0' [/home/go/Desktop/ZyboZ7_10_Renderer/workspace_vivado/workspace_vivado.gen/sources_1/bd/main/ipshared/a7e3/hdl/axi_crossbar_v2_1_vl_rfs.v:4550]
INFO: [Synth 8-6157] synthesizing module 'axi_data_fifo_v2_1_32_axic_reg_srl_fifo__parameterized1' [/home/go/Desktop/ZyboZ7_10_Renderer/workspace_vivado/workspace_vivado.gen/sources_1/bd/main/ipshared/65ce/hdl/axi_data_fifo_v2_1_vl_rfs.v:884]
INFO: [Synth 8-155] case statement is not full and has no default [/home/go/Desktop/ZyboZ7_10_Renderer/workspace_vivado/workspace_vivado.gen/sources_1/bd/main/ipshared/65ce/hdl/axi_data_fifo_v2_1_vl_rfs.v:982]
INFO: [Synth 8-6155] done synthesizing module 'axi_data_fifo_v2_1_32_axic_reg_srl_fifo__parameterized1' (0#1) [/home/go/Desktop/ZyboZ7_10_Renderer/workspace_vivado/workspace_vivado.gen/sources_1/bd/main/ipshared/65ce/hdl/axi_data_fifo_v2_1_vl_rfs.v:884]
INFO: [Synth 8-6155] done synthesizing module 'axi_crossbar_v2_1_34_wdata_mux__parameterized0' (0#1) [/home/go/Desktop/ZyboZ7_10_Renderer/workspace_vivado/workspace_vivado.gen/sources_1/bd/main/ipshared/a7e3/hdl/axi_crossbar_v2_1_vl_rfs.v:4550]
WARNING: [Synth 8-7071] port 'aclk2x' of module 'axi_register_slice_v2_1_33_axi_register_slice' is unconnected for instance 'reg_slice_mi' [/home/go/Desktop/ZyboZ7_10_Renderer/workspace_vivado/workspace_vivado.gen/sources_1/bd/main/ipshared/a7e3/hdl/axi_crossbar_v2_1_vl_rfs.v:3116]
WARNING: [Synth 8-7023] instance 'reg_slice_mi' of module 'axi_register_slice_v2_1_33_axi_register_slice' has 93 connections declared, but only 92 given [/home/go/Desktop/ZyboZ7_10_Renderer/workspace_vivado/workspace_vivado.gen/sources_1/bd/main/ipshared/a7e3/hdl/axi_crossbar_v2_1_vl_rfs.v:3116]
INFO: [Synth 8-6157] synthesizing module 'axi_crossbar_v2_1_34_decerr_slave' [/home/go/Desktop/ZyboZ7_10_Renderer/workspace_vivado/workspace_vivado.gen/sources_1/bd/main/ipshared/a7e3/hdl/axi_crossbar_v2_1_vl_rfs.v:3493]
INFO: [Synth 8-155] case statement is not full and has no default [/home/go/Desktop/ZyboZ7_10_Renderer/workspace_vivado/workspace_vivado.gen/sources_1/bd/main/ipshared/a7e3/hdl/axi_crossbar_v2_1_vl_rfs.v:3626]
INFO: [Synth 8-6155] done synthesizing module 'axi_crossbar_v2_1_34_decerr_slave' (0#1) [/home/go/Desktop/ZyboZ7_10_Renderer/workspace_vivado/workspace_vivado.gen/sources_1/bd/main/ipshared/a7e3/hdl/axi_crossbar_v2_1_vl_rfs.v:3493]
INFO: [Synth 8-6157] synthesizing module 'axi_crossbar_v2_1_34_addr_arbiter' [/home/go/Desktop/ZyboZ7_10_Renderer/workspace_vivado/workspace_vivado.gen/sources_1/bd/main/ipshared/a7e3/hdl/axi_crossbar_v2_1_vl_rfs.v:420]
INFO: [Synth 8-6157] synthesizing module 'generic_baseblocks_v2_1_2_mux_enc__parameterized2' [/home/go/Desktop/ZyboZ7_10_Renderer/workspace_vivado/workspace_vivado.gen/sources_1/bd/main/ipshared/0c28/hdl/generic_baseblocks_v2_1_vl_rfs.v:2436]
INFO: [Synth 8-6155] done synthesizing module 'generic_baseblocks_v2_1_2_mux_enc__parameterized2' (0#1) [/home/go/Desktop/ZyboZ7_10_Renderer/workspace_vivado/workspace_vivado.gen/sources_1/bd/main/ipshared/0c28/hdl/generic_baseblocks_v2_1_vl_rfs.v:2436]
INFO: [Synth 8-6157] synthesizing module 'generic_baseblocks_v2_1_2_mux_enc__parameterized3' [/home/go/Desktop/ZyboZ7_10_Renderer/workspace_vivado/workspace_vivado.gen/sources_1/bd/main/ipshared/0c28/hdl/generic_baseblocks_v2_1_vl_rfs.v:2436]
INFO: [Synth 8-6155] done synthesizing module 'generic_baseblocks_v2_1_2_mux_enc__parameterized3' (0#1) [/home/go/Desktop/ZyboZ7_10_Renderer/workspace_vivado/workspace_vivado.gen/sources_1/bd/main/ipshared/0c28/hdl/generic_baseblocks_v2_1_vl_rfs.v:2436]
INFO: [Synth 8-6155] done synthesizing module 'axi_crossbar_v2_1_34_addr_arbiter' (0#1) [/home/go/Desktop/ZyboZ7_10_Renderer/workspace_vivado/workspace_vivado.gen/sources_1/bd/main/ipshared/a7e3/hdl/axi_crossbar_v2_1_vl_rfs.v:420]
INFO: [Synth 8-6155] done synthesizing module 'axi_crossbar_v2_1_34_crossbar' (0#1) [/home/go/Desktop/ZyboZ7_10_Renderer/workspace_vivado/workspace_vivado.gen/sources_1/bd/main/ipshared/a7e3/hdl/axi_crossbar_v2_1_vl_rfs.v:2232]
INFO: [Synth 8-6155] done synthesizing module 'axi_crossbar_v2_1_34_axi_crossbar' (0#1) [/home/go/Desktop/ZyboZ7_10_Renderer/workspace_vivado/workspace_vivado.gen/sources_1/bd/main/ipshared/a7e3/hdl/axi_crossbar_v2_1_vl_rfs.v:4871]
INFO: [Synth 8-6155] done synthesizing module 'main_axi_mem_intercon_imp_xbar_0' (0#1) [/home/go/Desktop/ZyboZ7_10_Renderer/workspace_vivado/workspace_vivado.gen/sources_1/bd/main/ip/main_axi_mem_intercon_imp_xbar_0/synth/main_axi_mem_intercon_imp_xbar_0.v:53]
WARNING: [Synth 8-6014] Unused sequential element areset_d1_reg was removed.  [/home/go/Desktop/ZyboZ7_10_Renderer/workspace_vivado/workspace_vivado.gen/sources_1/bd/main/ipshared/65ce/hdl/axi_data_fifo_v2_1_vl_rfs.v:747]
WARNING: [Synth 8-6014] Unused sequential element S_READY_i_reg was removed.  [/home/go/Desktop/ZyboZ7_10_Renderer/workspace_vivado/workspace_vivado.gen/sources_1/bd/main/ipshared/65ce/hdl/axi_data_fifo_v2_1_vl_rfs.v:786]
WARNING: [Synth 8-6014] Unused sequential element gen_single_thread.gen_debug_r_single_thread.debug_r_beat_cnt_i_reg was removed.  [/home/go/Desktop/ZyboZ7_10_Renderer/workspace_vivado/workspace_vivado.gen/sources_1/bd/main/ipshared/a7e3/hdl/axi_crossbar_v2_1_vl_rfs.v:4184]
WARNING: [Synth 8-6014] Unused sequential element gen_single_thread.active_id_reg was removed.  [/home/go/Desktop/ZyboZ7_10_Renderer/workspace_vivado/workspace_vivado.gen/sources_1/bd/main/ipshared/a7e3/hdl/axi_crossbar_v2_1_vl_rfs.v:4142]
WARNING: [Synth 8-6014] Unused sequential element gen_single_thread.gen_debug_r_single_thread.debug_r_beat_cnt_i_reg was removed.  [/home/go/Desktop/ZyboZ7_10_Renderer/workspace_vivado/workspace_vivado.gen/sources_1/bd/main/ipshared/a7e3/hdl/axi_crossbar_v2_1_vl_rfs.v:4184]
WARNING: [Synth 8-6014] Unused sequential element gen_single_thread.active_id_reg was removed.  [/home/go/Desktop/ZyboZ7_10_Renderer/workspace_vivado/workspace_vivado.gen/sources_1/bd/main/ipshared/a7e3/hdl/axi_crossbar_v2_1_vl_rfs.v:4142]
WARNING: [Synth 8-6014] Unused sequential element areset_d1_reg was removed.  [/home/go/Desktop/ZyboZ7_10_Renderer/workspace_vivado/workspace_vivado.gen/sources_1/bd/main/ipshared/65ce/hdl/axi_data_fifo_v2_1_vl_rfs.v:747]
WARNING: [Synth 8-6014] Unused sequential element S_READY_i_reg was removed.  [/home/go/Desktop/ZyboZ7_10_Renderer/workspace_vivado/workspace_vivado.gen/sources_1/bd/main/ipshared/65ce/hdl/axi_data_fifo_v2_1_vl_rfs.v:786]
WARNING: [Synth 8-6014] Unused sequential element s_ready_i_reg was removed.  [/home/go/Desktop/ZyboZ7_10_Renderer/workspace_vivado/workspace_vivado.gen/sources_1/bd/main/ipshared/65ce/hdl/axi_data_fifo_v2_1_vl_rfs.v:1034]
WARNING: [Synth 8-6014] Unused sequential element areset_d1_reg was removed.  [/home/go/Desktop/ZyboZ7_10_Renderer/workspace_vivado/workspace_vivado.gen/sources_1/bd/main/ipshared/65ce/hdl/axi_data_fifo_v2_1_vl_rfs.v:747]
WARNING: [Synth 8-6014] Unused sequential element S_READY_i_reg was removed.  [/home/go/Desktop/ZyboZ7_10_Renderer/workspace_vivado/workspace_vivado.gen/sources_1/bd/main/ipshared/65ce/hdl/axi_data_fifo_v2_1_vl_rfs.v:786]
WARNING: [Synth 8-6014] Unused sequential element s_ready_i_reg was removed.  [/home/go/Desktop/ZyboZ7_10_Renderer/workspace_vivado/workspace_vivado.gen/sources_1/bd/main/ipshared/65ce/hdl/axi_data_fifo_v2_1_vl_rfs.v:1034]
WARNING: [Synth 8-6014] Unused sequential element gen_master_slots[0].gen_mi_write.gen_debug_w.debug_w_beat_cnt_i_reg was removed.  [/home/go/Desktop/ZyboZ7_10_Renderer/workspace_vivado/workspace_vivado.gen/sources_1/bd/main/ipshared/a7e3/hdl/axi_crossbar_v2_1_vl_rfs.v:2991]
WARNING: [Synth 8-6014] Unused sequential element gen_master_slots[1].gen_mi_write.gen_debug_w.debug_w_beat_cnt_i_reg was removed.  [/home/go/Desktop/ZyboZ7_10_Renderer/workspace_vivado/workspace_vivado.gen/sources_1/bd/main/ipshared/a7e3/hdl/axi_crossbar_v2_1_vl_rfs.v:2991]
WARNING: [Synth 8-7129] Port ACLK in module axi_register_slice_v2_1_33_axic_register_slice is either unconnected or has no load
WARNING: [Synth 8-7129] Port ARESET in module axi_register_slice_v2_1_33_axic_register_slice is either unconnected or has no load
WARNING: [Synth 8-7129] Port ACLK in module axi_register_slice_v2_1_33_axic_register_slice__parameterized0 is either unconnected or has no load
WARNING: [Synth 8-7129] Port ARESET in module axi_register_slice_v2_1_33_axic_register_slice__parameterized0 is either unconnected or has no load
WARNING: [Synth 8-7129] Port m_axi_buser[0] in module axi_infrastructure_v1_1_0_vector2axi is either unconnected or has no load
WARNING: [Synth 8-7129] Port m_axi_ruser[0] in module axi_infrastructure_v1_1_0_vector2axi is either unconnected or has no load
WARNING: [Synth 8-7129] Port s_axi_awuser[0] in module axi_infrastructure_v1_1_0_axi2vector is either unconnected or has no load
WARNING: [Synth 8-7129] Port s_axi_wid[0] in module axi_infrastructure_v1_1_0_axi2vector is either unconnected or has no load
WARNING: [Synth 8-7129] Port s_axi_wuser[0] in module axi_infrastructure_v1_1_0_axi2vector is either unconnected or has no load
WARNING: [Synth 8-7129] Port s_axi_aruser[0] in module axi_infrastructure_v1_1_0_axi2vector is either unconnected or has no load
WARNING: [Synth 8-7129] Port aclk2x in module axi_register_slice_v2_1_33_axi_register_slice is either unconnected or has no load
WARNING: [Synth 8-7129] Port ADDR[1] in module axi_crossbar_v2_1_34_addr_decoder is either unconnected or has no load
WARNING: [Synth 8-7129] Port ADDR[0] in module axi_crossbar_v2_1_34_addr_decoder is either unconnected or has no load
WARNING: [Synth 8-7129] Port S_ABURST[1] in module axi_crossbar_v2_1_34_si_transactor__parameterized0 is either unconnected or has no load
WARNING: [Synth 8-7129] Port S_ABURST[0] in module axi_crossbar_v2_1_34_si_transactor__parameterized0 is either unconnected or has no load
WARNING: [Synth 8-7129] Port S_ABURST[1] in module axi_crossbar_v2_1_34_si_transactor is either unconnected or has no load
WARNING: [Synth 8-7129] Port S_ABURST[0] in module axi_crossbar_v2_1_34_si_transactor is either unconnected or has no load
WARNING: [Synth 8-7129] Port S_AXI_AWID[1] in module axi_crossbar_v2_1_34_crossbar is either unconnected or has no load
WARNING: [Synth 8-7129] Port S_AXI_AWID[0] in module axi_crossbar_v2_1_34_crossbar is either unconnected or has no load
WARNING: [Synth 8-7129] Port S_AXI_AWADDR[63] in module axi_crossbar_v2_1_34_crossbar is either unconnected or has no load
WARNING: [Synth 8-7129] Port S_AXI_AWADDR[62] in module axi_crossbar_v2_1_34_crossbar is either unconnected or has no load
WARNING: [Synth 8-7129] Port S_AXI_AWADDR[61] in module axi_crossbar_v2_1_34_crossbar is either unconnected or has no load
WARNING: [Synth 8-7129] Port S_AXI_AWADDR[60] in module axi_crossbar_v2_1_34_crossbar is either unconnected or has no load
WARNING: [Synth 8-7129] Port S_AXI_AWADDR[59] in module axi_crossbar_v2_1_34_crossbar is either unconnected or has no load
WARNING: [Synth 8-7129] Port S_AXI_AWADDR[58] in module axi_crossbar_v2_1_34_crossbar is either unconnected or has no load
WARNING: [Synth 8-7129] Port S_AXI_AWADDR[57] in module axi_crossbar_v2_1_34_crossbar is either unconnected or has no load
WARNING: [Synth 8-7129] Port S_AXI_AWADDR[56] in module axi_crossbar_v2_1_34_crossbar is either unconnected or has no load
WARNING: [Synth 8-7129] Port S_AXI_AWADDR[55] in module axi_crossbar_v2_1_34_crossbar is either unconnected or has no load
WARNING: [Synth 8-7129] Port S_AXI_AWADDR[54] in module axi_crossbar_v2_1_34_crossbar is either unconnected or has no load
WARNING: [Synth 8-7129] Port S_AXI_AWADDR[53] in module axi_crossbar_v2_1_34_crossbar is either unconnected or has no load
WARNING: [Synth 8-7129] Port S_AXI_AWADDR[52] in module axi_crossbar_v2_1_34_crossbar is either unconnected or has no load
WARNING: [Synth 8-7129] Port S_AXI_AWADDR[51] in module axi_crossbar_v2_1_34_crossbar is either unconnected or has no load
WARNING: [Synth 8-7129] Port S_AXI_AWADDR[50] in module axi_crossbar_v2_1_34_crossbar is either unconnected or has no load
WARNING: [Synth 8-7129] Port S_AXI_AWADDR[49] in module axi_crossbar_v2_1_34_crossbar is either unconnected or has no load
WARNING: [Synth 8-7129] Port S_AXI_AWADDR[48] in module axi_crossbar_v2_1_34_crossbar is either unconnected or has no load
WARNING: [Synth 8-7129] Port S_AXI_AWADDR[47] in module axi_crossbar_v2_1_34_crossbar is either unconnected or has no load
WARNING: [Synth 8-7129] Port S_AXI_AWADDR[46] in module axi_crossbar_v2_1_34_crossbar is either unconnected or has no load
WARNING: [Synth 8-7129] Port S_AXI_AWADDR[45] in module axi_crossbar_v2_1_34_crossbar is either unconnected or has no load
WARNING: [Synth 8-7129] Port S_AXI_AWADDR[44] in module axi_crossbar_v2_1_34_crossbar is either unconnected or has no load
WARNING: [Synth 8-7129] Port S_AXI_AWADDR[43] in module axi_crossbar_v2_1_34_crossbar is either unconnected or has no load
WARNING: [Synth 8-7129] Port S_AXI_AWADDR[42] in module axi_crossbar_v2_1_34_crossbar is either unconnected or has no load
WARNING: [Synth 8-7129] Port S_AXI_AWADDR[41] in module axi_crossbar_v2_1_34_crossbar is either unconnected or has no load
WARNING: [Synth 8-7129] Port S_AXI_AWADDR[40] in module axi_crossbar_v2_1_34_crossbar is either unconnected or has no load
WARNING: [Synth 8-7129] Port S_AXI_AWADDR[39] in module axi_crossbar_v2_1_34_crossbar is either unconnected or has no load
WARNING: [Synth 8-7129] Port S_AXI_AWADDR[38] in module axi_crossbar_v2_1_34_crossbar is either unconnected or has no load
WARNING: [Synth 8-7129] Port S_AXI_AWADDR[37] in module axi_crossbar_v2_1_34_crossbar is either unconnected or has no load
WARNING: [Synth 8-7129] Port S_AXI_AWADDR[36] in module axi_crossbar_v2_1_34_crossbar is either unconnected or has no load
WARNING: [Synth 8-7129] Port S_AXI_AWADDR[35] in module axi_crossbar_v2_1_34_crossbar is either unconnected or has no load
WARNING: [Synth 8-7129] Port S_AXI_AWADDR[34] in module axi_crossbar_v2_1_34_crossbar is either unconnected or has no load
WARNING: [Synth 8-7129] Port S_AXI_AWADDR[33] in module axi_crossbar_v2_1_34_crossbar is either unconnected or has no load
WARNING: [Synth 8-7129] Port S_AXI_AWADDR[32] in module axi_crossbar_v2_1_34_crossbar is either unconnected or has no load
WARNING: [Synth 8-7129] Port S_AXI_AWLEN[15] in module axi_crossbar_v2_1_34_crossbar is either unconnected or has no load
WARNING: [Synth 8-7129] Port S_AXI_AWLEN[14] in module axi_crossbar_v2_1_34_crossbar is either unconnected or has no load
WARNING: [Synth 8-7129] Port S_AXI_AWLEN[13] in module axi_crossbar_v2_1_34_crossbar is either unconnected or has no load
WARNING: [Synth 8-7129] Port S_AXI_AWLEN[12] in module axi_crossbar_v2_1_34_crossbar is either unconnected or has no load
WARNING: [Synth 8-7129] Port S_AXI_AWLEN[11] in module axi_crossbar_v2_1_34_crossbar is either unconnected or has no load
WARNING: [Synth 8-7129] Port S_AXI_AWLEN[10] in module axi_crossbar_v2_1_34_crossbar is either unconnected or has no load
WARNING: [Synth 8-7129] Port S_AXI_AWLEN[9] in module axi_crossbar_v2_1_34_crossbar is either unconnected or has no load
WARNING: [Synth 8-7129] Port S_AXI_AWLEN[8] in module axi_crossbar_v2_1_34_crossbar is either unconnected or has no load
WARNING: [Synth 8-7129] Port S_AXI_AWSIZE[5] in module axi_crossbar_v2_1_34_crossbar is either unconnected or has no load
WARNING: [Synth 8-7129] Port S_AXI_AWSIZE[4] in module axi_crossbar_v2_1_34_crossbar is either unconnected or has no load
WARNING: [Synth 8-7129] Port S_AXI_AWSIZE[3] in module axi_crossbar_v2_1_34_crossbar is either unconnected or has no load
WARNING: [Synth 8-7129] Port S_AXI_AWBURST[3] in module axi_crossbar_v2_1_34_crossbar is either unconnected or has no load
WARNING: [Synth 8-7129] Port S_AXI_AWBURST[2] in module axi_crossbar_v2_1_34_crossbar is either unconnected or has no load
WARNING: [Synth 8-7129] Port S_AXI_AWLOCK[3] in module axi_crossbar_v2_1_34_crossbar is either unconnected or has no load
WARNING: [Synth 8-7129] Port S_AXI_AWLOCK[2] in module axi_crossbar_v2_1_34_crossbar is either unconnected or has no load
WARNING: [Synth 8-7129] Port S_AXI_AWCACHE[7] in module axi_crossbar_v2_1_34_crossbar is either unconnected or has no load
WARNING: [Synth 8-7129] Port S_AXI_AWCACHE[6] in module axi_crossbar_v2_1_34_crossbar is either unconnected or has no load
WARNING: [Synth 8-7129] Port S_AXI_AWCACHE[5] in module axi_crossbar_v2_1_34_crossbar is either unconnected or has no load
WARNING: [Synth 8-7129] Port S_AXI_AWCACHE[4] in module axi_crossbar_v2_1_34_crossbar is either unconnected or has no load
WARNING: [Synth 8-7129] Port S_AXI_AWPROT[5] in module axi_crossbar_v2_1_34_crossbar is either unconnected or has no load
WARNING: [Synth 8-7129] Port S_AXI_AWPROT[4] in module axi_crossbar_v2_1_34_crossbar is either unconnected or has no load
WARNING: [Synth 8-7129] Port S_AXI_AWPROT[3] in module axi_crossbar_v2_1_34_crossbar is either unconnected or has no load
WARNING: [Synth 8-7129] Port S_AXI_AWQOS[7] in module axi_crossbar_v2_1_34_crossbar is either unconnected or has no load
WARNING: [Synth 8-7129] Port S_AXI_AWQOS[6] in module axi_crossbar_v2_1_34_crossbar is either unconnected or has no load
WARNING: [Synth 8-7129] Port S_AXI_AWQOS[5] in module axi_crossbar_v2_1_34_crossbar is either unconnected or has no load
WARNING: [Synth 8-7129] Port S_AXI_AWQOS[4] in module axi_crossbar_v2_1_34_crossbar is either unconnected or has no load
WARNING: [Synth 8-7129] Port S_AXI_AWUSER[1] in module axi_crossbar_v2_1_34_crossbar is either unconnected or has no load
WARNING: [Synth 8-7129] Port S_AXI_AWVALID[1] in module axi_crossbar_v2_1_34_crossbar is either unconnected or has no load
WARNING: [Synth 8-7129] Port S_AXI_WID[1] in module axi_crossbar_v2_1_34_crossbar is either unconnected or has no load
WARNING: [Synth 8-7129] Port S_AXI_WID[0] in module axi_crossbar_v2_1_34_crossbar is either unconnected or has no load
WARNING: [Synth 8-7129] Port S_AXI_WDATA[1023] in module axi_crossbar_v2_1_34_crossbar is either unconnected or has no load
WARNING: [Synth 8-7129] Port S_AXI_WDATA[1022] in module axi_crossbar_v2_1_34_crossbar is either unconnected or has no load
WARNING: [Synth 8-7129] Port S_AXI_WDATA[1021] in module axi_crossbar_v2_1_34_crossbar is either unconnected or has no load
WARNING: [Synth 8-7129] Port S_AXI_WDATA[1020] in module axi_crossbar_v2_1_34_crossbar is either unconnected or has no load
WARNING: [Synth 8-7129] Port S_AXI_WDATA[1019] in module axi_crossbar_v2_1_34_crossbar is either unconnected or has no load
WARNING: [Synth 8-7129] Port S_AXI_WDATA[1018] in module axi_crossbar_v2_1_34_crossbar is either unconnected or has no load
WARNING: [Synth 8-7129] Port S_AXI_WDATA[1017] in module axi_crossbar_v2_1_34_crossbar is either unconnected or has no load
WARNING: [Synth 8-7129] Port S_AXI_WDATA[1016] in module axi_crossbar_v2_1_34_crossbar is either unconnected or has no load
WARNING: [Synth 8-7129] Port S_AXI_WDATA[1015] in module axi_crossbar_v2_1_34_crossbar is either unconnected or has no load
WARNING: [Synth 8-7129] Port S_AXI_WDATA[1014] in module axi_crossbar_v2_1_34_crossbar is either unconnected or has no load
WARNING: [Synth 8-7129] Port S_AXI_WDATA[1013] in module axi_crossbar_v2_1_34_crossbar is either unconnected or has no load
WARNING: [Synth 8-7129] Port S_AXI_WDATA[1012] in module axi_crossbar_v2_1_34_crossbar is either unconnected or has no load
WARNING: [Synth 8-7129] Port S_AXI_WDATA[1011] in module axi_crossbar_v2_1_34_crossbar is either unconnected or has no load
WARNING: [Synth 8-7129] Port S_AXI_WDATA[1010] in module axi_crossbar_v2_1_34_crossbar is either unconnected or has no load
WARNING: [Synth 8-7129] Port S_AXI_WDATA[1009] in module axi_crossbar_v2_1_34_crossbar is either unconnected or has no load
WARNING: [Synth 8-7129] Port S_AXI_WDATA[1008] in module axi_crossbar_v2_1_34_crossbar is either unconnected or has no load
WARNING: [Synth 8-7129] Port S_AXI_WDATA[1007] in module axi_crossbar_v2_1_34_crossbar is either unconnected or has no load
WARNING: [Synth 8-7129] Port S_AXI_WDATA[1006] in module axi_crossbar_v2_1_34_crossbar is either unconnected or has no load
WARNING: [Synth 8-7129] Port S_AXI_WDATA[1005] in module axi_crossbar_v2_1_34_crossbar is either unconnected or has no load
INFO: [Common 17-14] Message 'Synth 8-7129' appears 100 times and further instances of the messages will be disabled. Use the Tcl command set_msg_config to change the current settings.
---------------------------------------------------------------------------------
Finished RTL Elaboration : Time (s): cpu = 00:00:11 ; elapsed = 00:00:18 . Memory (MB): peak = 2141.602 ; gain = 616.766 ; free physical = 876 ; free virtual = 9341
---------------------------------------------------------------------------------
---------------------------------------------------------------------------------
Start Handling Custom Attributes
---------------------------------------------------------------------------------
---------------------------------------------------------------------------------
Finished Handling Custom Attributes : Time (s): cpu = 00:00:11 ; elapsed = 00:00:18 . Memory (MB): peak = 2147.539 ; gain = 622.703 ; free physical = 860 ; free virtual = 9325
---------------------------------------------------------------------------------
---------------------------------------------------------------------------------
Finished RTL Optimization Phase 1 : Time (s): cpu = 00:00:11 ; elapsed = 00:00:18 . Memory (MB): peak = 2147.539 ; gain = 622.703 ; free physical = 860 ; free virtual = 9325
---------------------------------------------------------------------------------
Netlist sorting complete. Time (s): cpu = 00:00:00.13 ; elapsed = 00:00:00.13 . Memory (MB): peak = 2150.508 ; gain = 0.000 ; free physical = 728 ; free virtual = 9259
INFO: [Project 1-570] Preparing netlist for logic optimization

Processing XDC Constraints
Initializing timing engine
Parsing XDC File [/home/go/Desktop/ZyboZ7_10_Renderer/workspace_vivado/workspace_vivado.gen/sources_1/bd/main/ip/main_axi_mem_intercon_imp_xbar_0/main_axi_mem_intercon_imp_xbar_0_ooc.xdc] for cell 'inst'
Finished Parsing XDC File [/home/go/Desktop/ZyboZ7_10_Renderer/workspace_vivado/workspace_vivado.gen/sources_1/bd/main/ip/main_axi_mem_intercon_imp_xbar_0/main_axi_mem_intercon_imp_xbar_0_ooc.xdc] for cell 'inst'
Parsing XDC File [/home/go/Desktop/ZyboZ7_10_Renderer/workspace_vivado/workspace_vivado.runs/main_axi_mem_intercon_imp_xbar_0_synth_1/dont_touch.xdc]
Finished Parsing XDC File [/home/go/Desktop/ZyboZ7_10_Renderer/workspace_vivado/workspace_vivado.runs/main_axi_mem_intercon_imp_xbar_0_synth_1/dont_touch.xdc]
Completed Processing XDC Constraints

Netlist sorting complete. Time (s): cpu = 00:00:00 ; elapsed = 00:00:00 . Memory (MB): peak = 2245.352 ; gain = 0.000 ; free physical = 592 ; free virtual = 9136
INFO: [Project 1-111] Unisim Transformation Summary:
No Unisim elements were transformed.

Constraint Validation Runtime : Time (s): cpu = 00:00:00.18 ; elapsed = 00:00:00.16 . Memory (MB): peak = 2245.352 ; gain = 0.000 ; free physical = 589 ; free virtual = 9133
INFO: [Designutils 20-5008] Incremental synthesis strategy off
---------------------------------------------------------------------------------
Finished Constraint Validation : Time (s): cpu = 00:00:20 ; elapsed = 00:00:28 . Memory (MB): peak = 2245.352 ; gain = 720.516 ; free physical = 335 ; free virtual = 8997
---------------------------------------------------------------------------------
---------------------------------------------------------------------------------
Start Loading Part and Timing Information
---------------------------------------------------------------------------------
Loading part: xc7z010clg400-1
---------------------------------------------------------------------------------
Finished Loading Part and Timing Information : Time (s): cpu = 00:00:20 ; elapsed = 00:00:28 . Memory (MB): peak = 2253.355 ; gain = 728.520 ; free physical = 335 ; free virtual = 8998
---------------------------------------------------------------------------------
---------------------------------------------------------------------------------
Start Applying 'set_property' XDC Constraints
---------------------------------------------------------------------------------
Applied set_property KEEP_HIERARCHY = SOFT for inst. (constraint file  /home/go/Desktop/ZyboZ7_10_Renderer/workspace_vivado/workspace_vivado.runs/main_axi_mem_intercon_imp_xbar_0_synth_1/dont_touch.xdc, line 9).
---------------------------------------------------------------------------------
Finished applying 'set_property' XDC Constraints : Time (s): cpu = 00:00:20 ; elapsed = 00:00:28 . Memory (MB): peak = 2253.355 ; gain = 728.520 ; free physical = 325 ; free virtual = 8993
---------------------------------------------------------------------------------
INFO: [Synth 8-802] inferred FSM for state register 'state_reg' in module 'axi_data_fifo_v2_1_32_axic_reg_srl_fifo'
INFO: [Synth 8-802] inferred FSM for state register 'state_reg' in module 'axi_data_fifo_v2_1_32_axic_reg_srl_fifo__parameterized0'
INFO: [Synth 8-802] inferred FSM for state register 'state_reg' in module 'axi_data_fifo_v2_1_32_axic_reg_srl_fifo__parameterized1'
INFO: [Synth 8-802] inferred FSM for state register 'gen_axi.write_cs_reg' in module 'axi_crossbar_v2_1_34_decerr_slave'
---------------------------------------------------------------------------------------------------
                   State |                     New Encoding |                Previous Encoding 
---------------------------------------------------------------------------------------------------
                    ZERO |                              100 |                               10
                     ONE |                              010 |                               11
                     TWO |                              001 |                               01
---------------------------------------------------------------------------------------------------
INFO: [Synth 8-3354] encoded FSM with state register 'state_reg' using encoding 'one-hot' in module 'axi_data_fifo_v2_1_32_axic_reg_srl_fifo'
---------------------------------------------------------------------------------------------------
                   State |                     New Encoding |                Previous Encoding 
---------------------------------------------------------------------------------------------------
                    ZERO |                              100 |                               10
                     ONE |                              010 |                               11
                     TWO |                              001 |                               01
---------------------------------------------------------------------------------------------------
INFO: [Synth 8-3354] encoded FSM with state register 'state_reg' using encoding 'one-hot' in module 'axi_data_fifo_v2_1_32_axic_reg_srl_fifo__parameterized0'
---------------------------------------------------------------------------------------------------
                   State |                     New Encoding |                Previous Encoding 
---------------------------------------------------------------------------------------------------
                    ZERO |                              100 |                               10
                     ONE |                              010 |                               11
                     TWO |                              001 |                               01
---------------------------------------------------------------------------------------------------
INFO: [Synth 8-3354] encoded FSM with state register 'state_reg' using encoding 'one-hot' in module 'axi_data_fifo_v2_1_32_axic_reg_srl_fifo__parameterized1'
---------------------------------------------------------------------------------------------------
                   State |                     New Encoding |                Previous Encoding 
---------------------------------------------------------------------------------------------------
            P_WRITE_IDLE |                              001 |                               00
            P_WRITE_DATA |                              010 |                               01
            P_WRITE_RESP |                              100 |                               10
---------------------------------------------------------------------------------------------------
INFO: [Synth 8-3354] encoded FSM with state register 'gen_axi.write_cs_reg' using encoding 'one-hot' in module 'axi_crossbar_v2_1_34_decerr_slave'
---------------------------------------------------------------------------------
Finished RTL Optimization Phase 2 : Time (s): cpu = 00:00:21 ; elapsed = 00:00:29 . Memory (MB): peak = 2253.355 ; gain = 728.520 ; free physical = 270 ; free virtual = 8826
---------------------------------------------------------------------------------
---------------------------------------------------------------------------------
Start RTL Component Statistics 
---------------------------------------------------------------------------------
Detailed RTL Component Info : 
+---Adders : 
	   2 Input    8 Bit       Adders := 3     
	   2 Input    5 Bit       Adders := 4     
	   2 Input    4 Bit       Adders := 3     
	   2 Input    3 Bit       Adders := 3     
	   2 Input    2 Bit       Adders := 3     
	   2 Input    1 Bit       Adders := 2     
+---XORs : 
	   2 Input      1 Bit         XORs := 7     
+---Registers : 
	              516 Bit    Registers := 4     
	               64 Bit    Registers := 2     
	                8 Bit    Registers := 3     
	                5 Bit    Registers := 4     
	                4 Bit    Registers := 3     
	                3 Bit    Registers := 4     
	                2 Bit    Registers := 20    
	                1 Bit    Registers := 39    
+---Muxes : 
	   2 Input  516 Bit        Muxes := 4     
	   2 Input   16 Bit        Muxes := 4     
	   2 Input    8 Bit        Muxes := 1     
	   2 Input    4 Bit        Muxes := 2     
	   3 Input    3 Bit        Muxes := 3     
	   2 Input    3 Bit        Muxes := 10    
	   2 Input    2 Bit        Muxes := 17    
	   2 Input    1 Bit        Muxes := 48    
	   3 Input    1 Bit        Muxes := 17    
---------------------------------------------------------------------------------
Finished RTL Component Statistics 
---------------------------------------------------------------------------------
---------------------------------------------------------------------------------
Start Part Resource Summary
---------------------------------------------------------------------------------
Part Resources:
DSPs: 80 (col length:40)
BRAMs: 120 (col length: RAMB18 40 RAMB36 20)
---------------------------------------------------------------------------------
Finished Part Resource Summary
---------------------------------------------------------------------------------
---------------------------------------------------------------------------------
Start Cross Boundary and Area Optimization
---------------------------------------------------------------------------------
WARNING: [Synth 8-7080] Parallel synthesis criteria is not met
---------------------------------------------------------------------------------
Finished Cross Boundary and Area Optimization : Time (s): cpu = 00:00:26 ; elapsed = 00:00:35 . Memory (MB): peak = 2269.363 ; gain = 744.527 ; free physical = 214 ; free virtual = 8351
---------------------------------------------------------------------------------
---------------------------------------------------------------------------------
Start Applying XDC Timing Constraints
---------------------------------------------------------------------------------
---------------------------------------------------------------------------------
Finished Applying XDC Timing Constraints : Time (s): cpu = 00:00:32 ; elapsed = 00:00:41 . Memory (MB): peak = 2269.363 ; gain = 744.527 ; free physical = 1516 ; free virtual = 10030
---------------------------------------------------------------------------------
---------------------------------------------------------------------------------
Start Timing Optimization
---------------------------------------------------------------------------------
---------------------------------------------------------------------------------
Finished Timing Optimization : Time (s): cpu = 00:00:33 ; elapsed = 00:00:41 . Memory (MB): peak = 2269.363 ; gain = 744.527 ; free physical = 1500 ; free virtual = 10016
---------------------------------------------------------------------------------
---------------------------------------------------------------------------------
Start Technology Mapping
---------------------------------------------------------------------------------
---------------------------------------------------------------------------------
Finished Technology Mapping : Time (s): cpu = 00:00:34 ; elapsed = 00:00:43 . Memory (MB): peak = 2277.371 ; gain = 752.535 ; free physical = 2532 ; free virtual = 11394
---------------------------------------------------------------------------------
---------------------------------------------------------------------------------
Start IO Insertion
---------------------------------------------------------------------------------
---------------------------------------------------------------------------------
Start Flattening Before IO Insertion
---------------------------------------------------------------------------------
---------------------------------------------------------------------------------
Finished Flattening Before IO Insertion
---------------------------------------------------------------------------------
---------------------------------------------------------------------------------
Start Final Netlist Cleanup
---------------------------------------------------------------------------------
---------------------------------------------------------------------------------
Finished Final Netlist Cleanup
---------------------------------------------------------------------------------
---------------------------------------------------------------------------------
Finished IO Insertion : Time (s): cpu = 00:00:37 ; elapsed = 00:00:46 . Memory (MB): peak = 2413.184 ; gain = 888.348 ; free physical = 2402 ; free virtual = 11263
---------------------------------------------------------------------------------
---------------------------------------------------------------------------------
Start Renaming Generated Instances
---------------------------------------------------------------------------------
---------------------------------------------------------------------------------
Finished Renaming Generated Instances : Time (s): cpu = 00:00:37 ; elapsed = 00:00:46 . Memory (MB): peak = 2413.184 ; gain = 888.348 ; free physical = 2402 ; free virtual = 11263
---------------------------------------------------------------------------------
---------------------------------------------------------------------------------
Start Rebuilding User Hierarchy
---------------------------------------------------------------------------------
---------------------------------------------------------------------------------
Finished Rebuilding User Hierarchy : Time (s): cpu = 00:00:37 ; elapsed = 00:00:46 . Memory (MB): peak = 2413.184 ; gain = 888.348 ; free physical = 2390 ; free virtual = 11251
---------------------------------------------------------------------------------
---------------------------------------------------------------------------------
Start Renaming Generated Ports
---------------------------------------------------------------------------------
---------------------------------------------------------------------------------
Finished Renaming Generated Ports : Time (s): cpu = 00:00:37 ; elapsed = 00:00:46 . Memory (MB): peak = 2413.184 ; gain = 888.348 ; free physical = 2390 ; free virtual = 11249
---------------------------------------------------------------------------------
---------------------------------------------------------------------------------
Start Handling Custom Attributes
---------------------------------------------------------------------------------
---------------------------------------------------------------------------------
Finished Handling Custom Attributes : Time (s): cpu = 00:00:37 ; elapsed = 00:00:46 . Memory (MB): peak = 2413.184 ; gain = 888.348 ; free physical = 2390 ; free virtual = 11249
---------------------------------------------------------------------------------
---------------------------------------------------------------------------------
Start Renaming Generated Nets
---------------------------------------------------------------------------------
---------------------------------------------------------------------------------
Finished Renaming Generated Nets : Time (s): cpu = 00:00:37 ; elapsed = 00:00:46 . Memory (MB): peak = 2413.184 ; gain = 888.348 ; free physical = 2390 ; free virtual = 11249
---------------------------------------------------------------------------------
---------------------------------------------------------------------------------
Start Writing Synthesis Report
---------------------------------------------------------------------------------

Report BlackBoxes: 
+-+--------------+----------+
| |BlackBox name |Instances |
+-+--------------+----------+
+-+--------------+----------+

Report Cell Usage: 
+------+--------+------+
|      |Cell    |Count |
+------+--------+------+
|1     |LUT1    |     7|
|2     |LUT2    |   893|
|3     |LUT3    |   816|
|4     |LUT4    |    40|
|5     |LUT5    |    39|
|6     |LUT6    |    69|
|7     |SRLC32E |     3|
|8     |FDRE    |  1239|
|9     |FDSE    |    18|
+------+--------+------+
---------------------------------------------------------------------------------
Finished Writing Synthesis Report : Time (s): cpu = 00:00:37 ; elapsed = 00:00:46 . Memory (MB): peak = 2413.184 ; gain = 888.348 ; free physical = 2390 ; free virtual = 11249
---------------------------------------------------------------------------------
Synthesis finished with 0 errors, 0 critical warnings and 1429 warnings.
Synthesis Optimization Runtime : Time (s): cpu = 00:00:34 ; elapsed = 00:00:43 . Memory (MB): peak = 2413.184 ; gain = 790.535 ; free physical = 2384 ; free virtual = 11253
Synthesis Optimization Complete : Time (s): cpu = 00:00:38 ; elapsed = 00:00:46 . Memory (MB): peak = 2413.191 ; gain = 888.348 ; free physical = 2384 ; free virtual = 11253
INFO: [Project 1-571] Translating synthesized netlist
Netlist sorting complete. Time (s): cpu = 00:00:00.03 ; elapsed = 00:00:00.03 . Memory (MB): peak = 2413.191 ; gain = 0.000 ; free physical = 2485 ; free virtual = 11402
INFO: [Project 1-570] Preparing netlist for logic optimization
INFO: [Opt 31-138] Pushed 0 inverter(s) to 0 load pin(s).
Netlist sorting complete. Time (s): cpu = 00:00:00 ; elapsed = 00:00:00 . Memory (MB): peak = 2469.211 ; gain = 0.000 ; free physical = 2489 ; free virtual = 11399
INFO: [Project 1-111] Unisim Transformation Summary:
No Unisim elements were transformed.

Synth Design complete | Checksum: e637f9c
INFO: [Common 17-83] Releasing license: Synthesis
110 Infos, 121 Warnings, 0 Critical Warnings and 0 Errors encountered.
synth_design completed successfully
synth_design: Time (s): cpu = 00:00:45 ; elapsed = 00:00:51 . Memory (MB): peak = 2469.211 ; gain = 1105.027 ; free physical = 2488 ; free virtual = 11398
INFO: [Common 17-2834] synth_design peak Physical Memory [PSS] (MB): overall = 1142.146; main = 1142.146; forked = 192.507
INFO: [Common 17-2834] synth_design peak Virtual Memory [VSS] (MB): overall = 3179.039; main = 2469.215; forked = 909.672
Write ShapeDB Complete: Time (s): cpu = 00:00:00.02 ; elapsed = 00:00:00.01 . Memory (MB): peak = 2493.223 ; gain = 0.000 ; free physical = 2488 ; free virtual = 11398
INFO: [Common 17-1381] The checkpoint '/home/go/Desktop/ZyboZ7_10_Renderer/workspace_vivado/workspace_vivado.runs/main_axi_mem_intercon_imp_xbar_0_synth_1/main_axi_mem_intercon_imp_xbar_0.dcp' has been generated.
INFO: [Coretcl 2-1648] Added synthesis output to IP cache for IP main_axi_mem_intercon_imp_xbar_0, cache-ID = 90550947ca301bfc
INFO: [Coretcl 2-1174] Renamed 25 cell refs.
Write ShapeDB Complete: Time (s): cpu = 00:00:00.02 ; elapsed = 00:00:00.01 . Memory (MB): peak = 2493.223 ; gain = 0.000 ; free physical = 2465 ; free virtual = 11378
INFO: [Common 17-1381] The checkpoint '/home/go/Desktop/ZyboZ7_10_Renderer/workspace_vivado/workspace_vivado.runs/main_axi_mem_intercon_imp_xbar_0_synth_1/main_axi_mem_intercon_imp_xbar_0.dcp' has been generated.
INFO: [Vivado 12-24828] Executing command : report_utilization -file main_axi_mem_intercon_imp_xbar_0_utilization_synth.rpt -pb main_axi_mem_intercon_imp_xbar_0_utilization_synth.pb
INFO: [Common 17-206] Exiting Vivado at Tue Jul  8 20:52:26 2025...
