Copyright 1986-2022 Xilinx, Inc. All Rights Reserved. Copyright 2022-2024 Advanced Micro Devices, Inc. All Rights Reserved.
----------------------------------------------------------------------------------------------------------------------------------------------------------
| Tool Version     : Vivado v.2024.2 (lin64) Build 5239630 Fri Nov 08 22:34:34 MST 2024
| Date             : Tue Jul  8 21:10:55 2025
| Host             : go running 64-bit Arch Linux
| Command          : report_power -file main_wrapper_power_routed.rpt -pb main_wrapper_power_summary_routed.pb -rpx main_wrapper_power_routed.rpx
| Design           : main_wrapper
| Device           : xc7z010clg400-1
| Design State     : routed
| Grade            : commercial
| Process          : typical
| Characterization : Production
----------------------------------------------------------------------------------------------------------------------------------------------------------

Power Report

Table of Contents
-----------------
1. Summary
1.1 On-Chip Components
1.2 Power Supply Summary
1.3 Confidence Level
2. Settings
2.1 Environment
2.2 Clock Constraints
3. Detailed Reports
3.1 By Hierarchy

1. Summary
----------

+--------------------------+--------------+
| Total On-Chip Power (W)  | 1.853        |
| Design Power Budget (W)  | Unspecified* |
| Power Budget Margin (W)  | NA           |
| Dynamic (W)              | 1.724        |
| Device Static (W)        | 0.129        |
| Effective TJA (C/W)      | 11.5         |
| Max Ambient (C)          | 63.6         |
| Junction Temperature (C) | 46.4         |
| Confidence Level         | Medium       |
| Setting File             | ---          |
| Simulation Activity File | ---          |
| Design Nets Matched      | NA           |
+--------------------------+--------------+
* Specify Design Power Budget using, set_operating_conditions -design_power_budget <value in Watts>


1.1 On-Chip Components
----------------------

+--------------------------+-----------+----------+-----------+-----------------+
| On-Chip                  | Power (W) | Used     | Available | Utilization (%) |
+--------------------------+-----------+----------+-----------+-----------------+
| Clocks                   |     0.048 |        6 |       --- |             --- |
| Slice Logic              |     0.010 |    31422 |       --- |             --- |
|   LUT as Logic           |     0.009 |    10559 |     17600 |           59.99 |
|   Register               |    <0.001 |    16588 |     35200 |           47.13 |
|   CARRY4                 |    <0.001 |      248 |      4400 |            5.64 |
|   F7/F8 Muxes            |    <0.001 |      248 |     17600 |            1.41 |
|   LUT as Shift Register  |    <0.001 |      204 |      6000 |            3.40 |
|   LUT as Distributed RAM |    <0.001 |       76 |      6000 |            1.27 |
|   Others                 |     0.000 |      907 |       --- |             --- |
| Signals                  |     0.015 |    23978 |       --- |             --- |
| Block RAM                |     0.003 |     24.5 |        60 |           40.83 |
| MMCM                     |     0.107 |        1 |         2 |           50.00 |
| I/O                      |     0.133 |        8 |       100 |            8.00 |
| PS7                      |     1.408 |        1 |       --- |             --- |
| Static Power             |     0.129 |          |           |                 |
| Total                    |     1.853 |          |           |                 |
+--------------------------+-----------+----------+-----------+-----------------+


1.2 Power Supply Summary
------------------------

+-----------+-------------+-----------+-------------+------------+-------------+-------------+------------+
| Source    | Voltage (V) | Total (A) | Dynamic (A) | Static (A) | Powerup (A) | Budget (A)  | Margin (A) |
+-----------+-------------+-----------+-------------+------------+-------------+-------------+------------+
| Vccint    |       1.000 |     0.087 |       0.078 |      0.008 |       NA    | Unspecified | NA         |
| Vccaux    |       1.800 |     0.067 |       0.059 |      0.008 |       NA    | Unspecified | NA         |
| Vcco33    |       3.300 |     0.041 |       0.040 |      0.001 |       NA    | Unspecified | NA         |
| Vcco25    |       2.500 |     0.000 |       0.000 |      0.000 |       NA    | Unspecified | NA         |
| Vcco18    |       1.800 |     0.000 |       0.000 |      0.000 |       NA    | Unspecified | NA         |
| Vcco15    |       1.500 |     0.000 |       0.000 |      0.000 |       NA    | Unspecified | NA         |
| Vcco135   |       1.350 |     0.000 |       0.000 |      0.000 |       NA    | Unspecified | NA         |
| Vcco12    |       1.200 |     0.000 |       0.000 |      0.000 |       NA    | Unspecified | NA         |
| Vccaux_io |       1.800 |     0.000 |       0.000 |      0.000 |       NA    | Unspecified | NA         |
| Vccbram   |       1.000 |     0.002 |       0.000 |      0.002 |       NA    | Unspecified | NA         |
| MGTAVcc   |       1.000 |     0.000 |       0.000 |      0.000 |       NA    | Unspecified | NA         |
| MGTAVtt   |       1.200 |     0.000 |       0.000 |      0.000 |       NA    | Unspecified | NA         |
| MGTVccaux |       1.800 |     0.000 |       0.000 |      0.000 |       NA    | Unspecified | NA         |
| Vccpint   |       1.000 |     0.759 |       0.727 |      0.032 |       NA    | Unspecified | NA         |
| Vccpaux   |       1.800 |     0.061 |       0.051 |      0.010 |       NA    | Unspecified | NA         |
| Vccpll    |       1.800 |     0.017 |       0.014 |      0.003 |       NA    | Unspecified | NA         |
| Vcco_ddr  |       1.350 |     0.413 |       0.411 |      0.002 |       NA    | Unspecified | NA         |
| Vcco_mio0 |       3.300 |     0.003 |       0.002 |      0.001 |       NA    | Unspecified | NA         |
| Vcco_mio1 |       1.800 |     0.003 |       0.002 |      0.001 |       NA    | Unspecified | NA         |
| Vccadc    |       1.800 |     0.020 |       0.000 |      0.020 |       NA    | Unspecified | NA         |
+-----------+-------------+-----------+-------------+------------+-------------+-------------+------------+


1.3 Confidence Level
--------------------

+-----------------------------+------------+------------------------------------------------+------------------------------------------------------------------------------------------------------------+
| User Input Data             | Confidence | Details                                        | Action                                                                                                     |
+-----------------------------+------------+------------------------------------------------+------------------------------------------------------------------------------------------------------------+
| Design implementation state | High       | Design is routed                               |                                                                                                            |
| Clock nodes activity        | High       | User specified more than 95% of clocks         |                                                                                                            |
| I/O nodes activity          | High       | User specified more than 95% of inputs         |                                                                                                            |
| Internal nodes activity     | Medium     | User specified less than 25% of internal nodes | Provide missing internal nodes activity with simulation results or by editing the "By Resource Type" views |
| Device models               | High       | Device models are Production                   |                                                                                                            |
|                             |            |                                                |                                                                                                            |
| Overall confidence level    | Medium     |                                                |                                                                                                            |
+-----------------------------+------------+------------------------------------------------+------------------------------------------------------------------------------------------------------------+


2. Settings
-----------

2.1 Environment
---------------

+-----------------------+------------------------+
| Ambient Temp (C)      | 25.0                   |
| ThetaJA (C/W)         | 11.5                   |
| Airflow (LFM)         | 250                    |
| Heat Sink             | none                   |
| ThetaSA (C/W)         | 0.0                    |
| Board Selection       | medium (10"x10")       |
| # of Board Layers     | 8to11 (8 to 11 Layers) |
| Board Temperature (C) | 25.0                   |
+-----------------------+------------------------+


2.2 Clock Constraints
---------------------

+------------------------+------------------------------------------------------------+-----------------+
| Clock                  | Domain                                                     | Constraint (ns) |
+------------------------+------------------------------------------------------------+-----------------+
| I                      | main_i/hdmi/axi_dynclk_0/U0/Inst_mmcme2_drp/I              |             2.0 |
| axi_dynclk_0_PXL_CLK_O | main_i/hdmi/axi_dynclk_0/U0/PXL_CLK_O                      |            10.0 |
| clk_fpga_0             | main_i/processing_system7_0/inst/FCLK_CLK_unbuffered[0]    |            10.0 |
| mmcm_fbclk_out         | main_i/hdmi/axi_dynclk_0/U0/Inst_mmcme2_drp/mmcm_fbclk_out |            10.0 |
+------------------------+------------------------------------------------------------+-----------------+


3. Detailed Reports
-------------------

3.1 By Hierarchy
----------------

+--------------------------+-----------+
| Name                     | Power (W) |
+--------------------------+-----------+
| main_wrapper             |     1.724 |
|   main_i                 |     1.724 |
|     axi_mem_intercon     |     0.013 |
|       m00_couplers       |     0.007 |
|       xbar               |     0.007 |
|     axi_smc              |     0.006 |
|       inst               |     0.006 |
|     hdmi                 |     0.267 |
|       axi_dynclk_0       |     0.109 |
|       axi_vdma_0         |     0.005 |
|       rgb2dvi_0          |     0.134 |
|       v_axi4s_vid_out_0  |     0.006 |
|       v_tc_0             |     0.012 |
|     operations_0         |     0.026 |
|       AXI_matrix_mul_0   |     0.002 |
|       axi_dma_0          |     0.023 |
|     processing_system7_0 |     1.411 |
|       inst               |     1.411 |
+--------------------------+-----------+


